TN:
SF:/Users/leonlin/Linjingbin/sourcecoderead/co.js
FNF:0
FNH:0
LF:0
LH:0
BRF:0
BRH:0
end_of_record
TN:
SF:/Users/leonlin/Linjingbin/sourcecoderead/fake-require.js
FN:12,each
FN:18,bind
FN:19,(anonymous_2)
FN:23,hasOwn
FN:26,getOwn
FN:29,isArray
FN:32,isFunction
FN:35,takeGlobalQueue
FN:36,(anonymous_8)
FN:41,intakeDefines
FN:44,newContext
FN:46,(anonymous_11)
FN:55,makeModuleMap
FN:65,getScriptData
FN:72,callGetModule
FN:78,getModule
FN:86,on
FN:91,(anonymous_17)
FN:102,(anonymous_18)
FN:106,(anonymous_19)
FN:107,(anonymous_20)
FN:111,(anonymous_21)
FN:115,(anonymous_22)
FN:118,(anonymous_23)
FN:138,(anonymous_24)
FN:141,(anonymous_25)
FN:145,(anonymous_26)
FN:153,(anonymous_27)
FN:158,(anonymous_28)
FN:165,(anonymous_29)
FN:166,(anonymous_30)
FN:170,(anonymous_31)
FN:172,localRequire
FN:173,(anonymous_33)
FN:182,(anonymous_34)
FN:186,(anonymous_35)
FN:189,(anonymous_36)
FN:192,(anonymous_37)
FN:207,(anonymous_38)
FN:214,(anonymous_39)
FN:221,(anonymous_40)
FN:233,(anonymous_41)
FNF:42
FNH:0
FNDA:0,each
FNDA:0,bind
FNDA:0,(anonymous_2)
FNDA:0,hasOwn
FNDA:0,getOwn
FNDA:0,isArray
FNDA:0,isFunction
FNDA:0,takeGlobalQueue
FNDA:0,(anonymous_8)
FNDA:0,intakeDefines
FNDA:0,newContext
FNDA:0,(anonymous_11)
FNDA:0,makeModuleMap
FNDA:0,getScriptData
FNDA:0,callGetModule
FNDA:0,getModule
FNDA:0,on
FNDA:0,(anonymous_17)
FNDA:0,(anonymous_18)
FNDA:0,(anonymous_19)
FNDA:0,(anonymous_20)
FNDA:0,(anonymous_21)
FNDA:0,(anonymous_22)
FNDA:0,(anonymous_23)
FNDA:0,(anonymous_24)
FNDA:0,(anonymous_25)
FNDA:0,(anonymous_26)
FNDA:0,(anonymous_27)
FNDA:0,(anonymous_28)
FNDA:0,(anonymous_29)
FNDA:0,(anonymous_30)
FNDA:0,(anonymous_31)
FNDA:0,localRequire
FNDA:0,(anonymous_33)
FNDA:0,(anonymous_34)
FNDA:0,(anonymous_35)
FNDA:0,(anonymous_36)
FNDA:0,(anonymous_37)
FNDA:0,(anonymous_38)
FNDA:0,(anonymous_39)
FNDA:0,(anonymous_40)
FNDA:0,(anonymous_41)
DA:5,0
DA:6,0
DA:7,0
DA:8,0
DA:9,0
DA:10,0
DA:11,0
DA:13,0
DA:14,0
DA:15,0
DA:19,0
DA:20,0
DA:24,0
DA:27,0
DA:30,0
DA:33,0
DA:36,0
DA:37,0
DA:39,0
DA:42,0
DA:46,0
DA:47,0
DA:48,0
DA:49,0
DA:50,0
DA:51,0
DA:52,0
DA:53,0
DA:56,0
DA:57,0
DA:59,0
DA:66,0
DA:67,0
DA:73,0
DA:74,0
DA:75,0
DA:76,0
DA:79,0
DA:80,0
DA:81,0
DA:82,0
DA:84,0
DA:87,0
DA:88,0
DA:90,0
DA:92,0
DA:93,0
DA:94,0
DA:95,0
DA:96,0
DA:97,0
DA:99,0
DA:103,0
DA:104,0
DA:107,0
DA:108,0
DA:112,0
DA:113,0
DA:116,0
DA:119,0
DA:120,0
DA:121,0
DA:122,0
DA:123,0
DA:124,0
DA:125,0
DA:126,0
DA:127,0
DA:128,0
DA:130,0
DA:131,0
DA:134,0
DA:135,0
DA:139,0
DA:140,0
DA:141,0
DA:142,0
DA:143,0
DA:144,0
DA:145,0
DA:146,0
DA:147,0
DA:149,0
DA:151,0
DA:154,0
DA:157,0
DA:159,0
DA:160,0
DA:161,0
DA:162,0
DA:166,0
DA:167,0
DA:171,0
DA:173,0
DA:174,0
DA:175,0
DA:180,0
DA:183,0
DA:184,0
DA:187,0
DA:190,0
DA:193,0
DA:194,0
DA:195,0
DA:196,0
DA:197,0
DA:200,0
DA:204,0
DA:205,0
DA:207,0
DA:208,0
DA:209,0
DA:210,0
DA:212,0
DA:214,0
DA:215,0
DA:216,0
DA:217,0
DA:218,0
DA:219,0
DA:221,0
DA:222,0
DA:223,0
DA:224,0
DA:225,0
DA:226,0
DA:227,0
DA:229,0
DA:233,0
DA:234,0
DA:235,0
DA:236,0
DA:238,0
LF:133
LH:0
BRDA:13,0,0,0
BRDA:13,0,1,0
BRDA:27,1,0,0
BRDA:27,1,1,0
BRDA:56,2,0,0
BRDA:56,2,1,0
BRDA:69,3,0,0
BRDA:69,3,1,0
BRDA:81,4,0,0
BRDA:81,4,1,0
BRDA:96,5,0,0
BRDA:96,5,1,0
BRDA:96,6,0,0
BRDA:96,6,1,0
BRDA:103,7,0,0
BRDA:103,7,1,0
BRDA:123,8,0,0
BRDA:123,8,1,0
BRDA:125,9,0,0
BRDA:125,9,1,0
BRDA:126,10,0,0
BRDA:126,10,1,0
BRDA:127,11,0,0
BRDA:127,11,1,0
BRDA:134,12,0,0
BRDA:134,12,1,0
BRDA:161,13,0,0
BRDA:161,13,1,0
BRDA:166,14,0,0
BRDA:166,14,1,0
BRDA:171,15,0,0
BRDA:171,15,1,0
BRDA:196,16,0,0
BRDA:196,16,1,0
BRDA:209,17,0,0
BRDA:209,17,1,0
BRDA:234,18,0,0
BRDA:234,18,1,0
BRF:38
BRH:0
end_of_record
TN:
SF:/Users/leonlin/Linjingbin/sourcecoderead/fake-sizzle.js
FN:11,Sizzle
FN:15,matcherFromGroupMatchers
FN:16,(anonymous_2)
FN:34,compile
FN:49,matcherFromTokens
FN:51,(anonymous_5)
FN:55,(anonymous_6)
FN:71,elementMatcher
FN:72,(anonymous_8)
FN:82,addCombinator
FN:84,(anonymous_10)
FN:95,createCache
FN:97,cache
FN:103,(anonymous_13)
FN:138,(anonymous_14)
FN:141,(anonymous_15)
FN:144,(anonymous_16)
FN:152,(anonymous_17)
FN:153,(anonymous_18)
FN:157,(anonymous_19)
FN:158,(anonymous_20)
FN:162,(anonymous_21)
FN:164,(anonymous_22)
FN:170,(anonymous_23)
FNF:24
FNH:0
FNDA:0,Sizzle
FNDA:0,matcherFromGroupMatchers
FNDA:0,(anonymous_2)
FNDA:0,compile
FNDA:0,matcherFromTokens
FNDA:0,(anonymous_5)
FNDA:0,(anonymous_6)
FNDA:0,elementMatcher
FNDA:0,(anonymous_8)
FNDA:0,addCombinator
FNDA:0,(anonymous_10)
FNDA:0,createCache
FNDA:0,cache
FNDA:0,(anonymous_13)
FNDA:0,(anonymous_14)
FNDA:0,(anonymous_15)
FNDA:0,(anonymous_16)
FNDA:0,(anonymous_17)
FNDA:0,(anonymous_18)
FNDA:0,(anonymous_19)
FNDA:0,(anonymous_20)
FNDA:0,(anonymous_21)
FNDA:0,(anonymous_22)
FNDA:0,(anonymous_23)
DA:3,0
DA:4,0
DA:5,0
DA:6,0
DA:12,0
DA:14,0
DA:16,0
DA:17,0
DA:18,0
DA:19,0
DA:20,0
DA:21,0
DA:22,0
DA:23,0
DA:24,0
DA:25,0
DA:26,0
DA:32,0
DA:36,0
DA:37,0
DA:39,0
DA:40,0
DA:41,0
DA:42,0
DA:43,0
DA:45,0
DA:47,0
DA:50,0
DA:51,0
DA:52,0
DA:54,0
DA:55,0
DA:56,0
DA:57,0
DA:58,0
DA:59,0
DA:61,0
DA:62,0
DA:63,0
DA:65,0
DA:66,0
DA:69,0
DA:72,0
DA:73,0
DA:74,0
DA:75,0
DA:76,0
DA:79,0
DA:83,0
DA:84,0
DA:85,0
DA:86,0
DA:87,0
DA:88,0
DA:92,0
DA:96,0
DA:98,0
DA:99,0
DA:101,0
DA:103,0
DA:104,0
DA:105,0
DA:106,0
DA:107,0
DA:109,0
DA:110,0
DA:111,0
DA:112,0
DA:116,0
DA:118,0
DA:119,0
DA:120,0
DA:121,0
DA:122,0
DA:127,0
DA:130,0
DA:131,0
DA:134,0
DA:136,0
DA:139,0
DA:142,0
DA:145,0
DA:153,0
DA:154,0
DA:158,0
DA:159,0
DA:163,0
DA:164,0
DA:165,0
DA:170,0
DA:171,0
DA:172,0
DA:173,0
DA:174,0
DA:175,0
DA:176,0
DA:177,0
DA:179,0
DA:180,0
DA:181,0
DA:182,0
DA:186,0
DA:191,0
LF:103
LH:0
BRDA:20,0,0,0
BRDA:20,0,1,0
BRDA:22,1,0,0
BRDA:22,1,1,0
BRDA:22,2,0,0
BRDA:22,2,1,0
BRDA:24,3,0,0
BRDA:24,3,1,0
BRDA:39,4,0,0
BRDA:39,4,1,0
BRDA:57,5,0,0
BRDA:57,5,1,0
BRDA:62,6,0,0
BRDA:62,6,1,0
BRDA:72,7,0,0
BRDA:72,7,1,0
BRDA:75,8,0,0
BRDA:75,8,1,0
BRDA:86,9,0,0
BRDA:86,9,1,0
BRDA:87,10,0,0
BRDA:87,10,1,0
BRDA:106,11,0,0
BRDA:106,11,1,0
BRDA:110,12,0,0
BRDA:110,12,1,0
BRDA:120,13,0,0
BRDA:120,13,1,0
BRDA:130,14,0,0
BRDA:130,14,1,0
BRDA:154,15,0,0
BRDA:154,15,1,0
BRDA:176,16,0,0
BRDA:176,16,1,0
BRDA:179,17,0,0
BRDA:179,17,1,0
BRDA:180,18,0,0
BRDA:180,18,1,0
BRF:38
BRH:0
end_of_record
TN:
SF:/Users/leonlin/Linjingbin/sourcecoderead/fake-vue.js
FN:3,setActiveInstance
FN:6,(anonymous_1)
FN:10,isArray
FN:13,Vue
FN:16,callHook
FN:19,getOuterHTML
FN:24,resolveAssert
FN:27,createComponent
FN:36,mergeOptions
FN:46,createElement
FN:60,createText
FN:63,initLifecycle
FN:73,initState
FN:80,getData
FN:83,initData
FN:91,(anonymous_15)
FN:93,(anonymous_16)
FN:96,(anonymous_17)
FN:108,initComputed
FN:119,defineComputed
FN:121,(anonymous_20)
FN:135,initRender
FN:136,(anonymous_22)
FN:139,(anonymous_23)
FN:142,toString
FN:148,(anonymous_25)
FN:152,mountComponent
FN:154,(anonymous_27)
FN:161,createCompileToFunctionFn
FN:162,(anonymous_29)
FN:169,createFunction
FN:172,createCompilerCreator
FN:173,(anonymous_32)
FN:174,compile
FN:183,generate
FN:189,genAttrs
FN:194,genElement
FN:199,getChildren
FN:202,(anonymous_38)
FN:209,genText
FN:212,genNode
FN:219,registerRef
FN:225,(anonymous_42)
FN:235,createPatch
FN:243,createChildren
FN:248,insert
FN:257,createElm
FN:279,initComponent
FN:282,createComponent
FN:293,creatEmptyNode
FN:296,removeVnodes
FN:299,isRealNode
FN:302,patch
FN:320,initEvents
FN:324,resolveConstructorOptions
FN:329,createComponentInstanceForVnode
FN:339,baseCompile
FN:350,(anonymous_57)
FN:355,installComponentHooks
FN:358,(anonymous_59)
FN:369,(anonymous_60)
FN:376,(anonymous_61)
FN:379,(anonymous_62)
FN:383,(anonymous_63)
FN:397,(anonymous_64)
FN:399,VueComponent
FN:407,VNode
FN:416,eventsMixin
FN:417,(anonymous_68)
FN:421,(anonymous_69)
FN:429,(anonymous_70)
FN:434,initGlobalAPI
FNF:72
FNH:0
FNDA:0,setActiveInstance
FNDA:0,(anonymous_1)
FNDA:0,isArray
FNDA:0,Vue
FNDA:0,callHook
FNDA:0,getOuterHTML
FNDA:0,resolveAssert
FNDA:0,createComponent
FNDA:0,mergeOptions
FNDA:0,createElement
FNDA:0,createText
FNDA:0,initLifecycle
FNDA:0,initState
FNDA:0,getData
FNDA:0,initData
FNDA:0,(anonymous_15)
FNDA:0,(anonymous_16)
FNDA:0,(anonymous_17)
FNDA:0,initComputed
FNDA:0,defineComputed
FNDA:0,(anonymous_20)
FNDA:0,initRender
FNDA:0,(anonymous_22)
FNDA:0,(anonymous_23)
FNDA:0,toString
FNDA:0,(anonymous_25)
FNDA:0,mountComponent
FNDA:0,(anonymous_27)
FNDA:0,createCompileToFunctionFn
FNDA:0,(anonymous_29)
FNDA:0,createFunction
FNDA:0,createCompilerCreator
FNDA:0,(anonymous_32)
FNDA:0,compile
FNDA:0,generate
FNDA:0,genAttrs
FNDA:0,genElement
FNDA:0,getChildren
FNDA:0,(anonymous_38)
FNDA:0,genText
FNDA:0,genNode
FNDA:0,registerRef
FNDA:0,(anonymous_42)
FNDA:0,createPatch
FNDA:0,createChildren
FNDA:0,insert
FNDA:0,createElm
FNDA:0,initComponent
FNDA:0,createComponent
FNDA:0,creatEmptyNode
FNDA:0,removeVnodes
FNDA:0,isRealNode
FNDA:0,patch
FNDA:0,initEvents
FNDA:0,resolveConstructorOptions
FNDA:0,createComponentInstanceForVnode
FNDA:0,baseCompile
FNDA:0,(anonymous_57)
FNDA:0,installComponentHooks
FNDA:0,(anonymous_59)
FNDA:0,(anonymous_60)
FNDA:0,(anonymous_61)
FNDA:0,(anonymous_62)
FNDA:0,(anonymous_63)
FNDA:0,(anonymous_64)
FNDA:0,VueComponent
FNDA:0,VNode
FNDA:0,eventsMixin
FNDA:0,(anonymous_68)
FNDA:0,(anonymous_69)
FNDA:0,(anonymous_70)
FNDA:0,initGlobalAPI
DA:1,0
DA:4,0
DA:5,0
DA:6,0
DA:7,0
DA:11,0
DA:14,0
DA:17,0
DA:20,0
DA:21,0
DA:22,0
DA:25,0
DA:28,0
DA:29,0
DA:30,0
DA:31,0
DA:32,0
DA:37,0
DA:38,0
DA:39,0
DA:40,0
DA:41,0
DA:44,0
DA:48,0
DA:49,0
DA:50,0
DA:52,0
DA:53,0
DA:54,0
DA:56,0
DA:61,0
DA:64,0
DA:65,0
DA:66,0
DA:68,0
DA:69,0
DA:70,0
DA:71,0
DA:74,0
DA:75,0
DA:76,0
DA:77,0
DA:81,0
DA:84,0
DA:85,0
DA:86,0
DA:87,0
DA:89,0
DA:90,0
DA:91,0
DA:92,0
DA:94,0
DA:97,0
DA:103,0
DA:104,0
DA:106,0
DA:109,0
DA:110,0
DA:111,0
DA:112,0
DA:115,0
DA:120,0
DA:122,0
DA:123,0
DA:124,0
DA:125,0
DA:127,0
DA:128,0
DA:131,0
DA:136,0
DA:137,0
DA:139,0
DA:140,0
DA:142,0
DA:143,0
DA:144,0
DA:146,0
DA:148,0
DA:149,0
DA:154,0
DA:155,0
DA:157,0
DA:159,0
DA:162,0
DA:163,0
DA:164,0
DA:165,0
DA:166,0
DA:170,0
DA:173,0
DA:175,0
DA:176,0
DA:178,0
DA:184,0
DA:185,0
DA:190,0
DA:191,0
DA:192,0
DA:195,0
DA:196,0
DA:197,0
DA:200,0
DA:201,0
DA:202,0
DA:203,0
DA:206,0
DA:210,0
DA:213,0
DA:214,0
DA:215,0
DA:216,0
DA:220,0
DA:221,0
DA:222,0
DA:224,0
DA:226,0
DA:227,0
DA:231,0
DA:234,0
DA:236,0
DA:237,0
DA:238,0
DA:239,0
DA:240,0
DA:244,0
DA:245,0
DA:249,0
DA:250,0
DA:251,0
DA:253,0
DA:258,0
DA:259,0
DA:260,0
DA:261,0
DA:262,0
DA:264,0
DA:265,0
DA:267,0
DA:269,0
DA:270,0
DA:272,0
DA:273,0
DA:275,0
DA:276,0
DA:280,0
DA:283,0
DA:284,0
DA:285,0
DA:287,0
DA:288,0
DA:289,0
DA:290,0
DA:294,0
DA:297,0
DA:300,0
DA:302,0
DA:303,0
DA:304,0
DA:306,0
DA:307,0
DA:308,0
DA:311,0
DA:312,0
DA:313,0
DA:314,0
DA:316,0
DA:321,0
DA:325,0
DA:326,0
DA:330,0
DA:331,0
DA:336,0
DA:339,0
DA:340,0
DA:341,0
DA:342,0
DA:347,0
DA:348,0
DA:349,0
DA:351,0
DA:352,0
DA:356,0
DA:358,0
DA:359,0
DA:360,0
DA:361,0
DA:362,0
DA:363,0
DA:364,0
DA:365,0
DA:366,0
DA:367,0
DA:369,0
DA:370,0
DA:371,0
DA:372,0
DA:373,0
DA:374,0
DA:376,0
DA:377,0
DA:379,0
DA:380,0
DA:381,0
DA:383,0
DA:385,0
DA:386,0
DA:387,0
DA:388,0
DA:389,0
DA:391,0
DA:393,0
DA:394,0
DA:395,0
DA:397,0
DA:398,0
DA:399,0
DA:400,0
DA:402,0
DA:403,0
DA:404,0
DA:405,0
DA:408,0
DA:409,0
DA:410,0
DA:411,0
DA:412,0
DA:413,0
DA:414,0
DA:417,0
DA:418,0
DA:419,0
DA:421,0
DA:422,0
DA:423,0
DA:424,0
DA:425,0
DA:426,0
DA:429,0
DA:433,0
DA:435,0
DA:438,0
DA:439,0
LF:242
LH:0
BRDA:25,0,0,0
BRDA:25,0,1,0
BRDA:29,1,0,0
BRDA:29,1,1,0
BRDA:30,2,0,0
BRDA:30,2,1,0
BRDA:48,3,0,0
BRDA:48,3,1,0
BRDA:49,4,0,0
BRDA:49,4,1,0
BRDA:52,5,0,0
BRDA:52,5,1,0
BRDA:65,6,0,0
BRDA:65,6,1,0
BRDA:71,7,0,0
BRDA:71,7,1,0
BRDA:76,8,0,0
BRDA:76,8,1,0
BRDA:86,9,0,0
BRDA:86,9,1,0
BRDA:103,10,0,0
BRDA:103,10,1,0
BRDA:123,11,0,0
BRDA:123,11,1,0
BRDA:124,12,0,0
BRDA:124,12,1,0
BRDA:127,13,0,0
BRDA:127,13,1,0
BRDA:143,14,0,0
BRDA:143,14,1,0
BRDA:143,15,0,0
BRDA:143,15,1,0
BRDA:191,16,0,0
BRDA:191,16,1,0
BRDA:200,17,0,0
BRDA:200,17,1,0
BRDA:201,18,0,0
BRDA:201,18,1,0
BRDA:213,19,0,0
BRDA:213,19,1,0
BRDA:215,20,0,0
BRDA:215,20,1,0
BRDA:221,21,0,0
BRDA:221,21,1,0
BRDA:226,22,0,0
BRDA:226,22,1,0
BRDA:226,23,0,0
BRDA:226,23,1,0
BRDA:239,24,0,0
BRDA:239,24,1,0
BRDA:249,25,0,0
BRDA:249,25,1,0
BRDA:250,26,0,0
BRDA:250,26,1,0
BRDA:261,27,0,0
BRDA:261,27,1,0
BRDA:264,28,0,0
BRDA:264,28,1,0
BRDA:269,29,0,0
BRDA:269,29,1,0
BRDA:275,30,0,0
BRDA:275,30,1,0
BRDA:283,31,0,0
BRDA:283,31,1,0
BRDA:284,32,0,0
BRDA:284,32,1,0
BRDA:284,33,0,0
BRDA:284,33,1,0
BRDA:287,34,0,0
BRDA:287,34,1,0
BRDA:303,35,0,0
BRDA:303,35,1,0
BRDA:307,36,0,0
BRDA:307,36,1,0
BRDA:387,37,0,0
BRDA:387,37,1,0
BRDA:418,38,0,0
BRDA:418,38,1,0
BRDA:422,39,0,0
BRDA:422,39,1,0
BRF:80
BRH:0
end_of_record
TN:
SF:/Users/leonlin/Linjingbin/sourcecoderead/fake-vuex.js
FN:5,(anonymous_0)
FN:10,installModule
FN:11,(anonymous_2)
FN:14,(anonymous_3)
FN:17,(anonymous_4)
FN:21,ModuleCollection
FN:24,registerAction
FN:26,(anonymous_7)
FN:30,registerGetter
FN:31,(anonymous_9)
FN:35,registerMutation
FN:37,(anonymous_11)
FN:41,(anonymous_12)
FN:44,Module
FN:49,(anonymous_14)
FN:56,(anonymous_15)
FN:63,(anonymous_16)
FN:70,resetStoreVM
FN:75,(anonymous_18)
FN:81,(anonymous_19)
FN:89,Store
FN:99,(anonymous_21)
FN:105,(anonymous_22)
FN:107,(anonymous_23)
FNF:24
FNH:0
FNDA:0,(anonymous_0)
FNDA:0,installModule
FNDA:0,(anonymous_2)
FNDA:0,(anonymous_3)
FNDA:0,(anonymous_4)
FNDA:0,ModuleCollection
FNDA:0,registerAction
FNDA:0,(anonymous_7)
FNDA:0,registerGetter
FNDA:0,(anonymous_9)
FNDA:0,registerMutation
FNDA:0,(anonymous_11)
FNDA:0,(anonymous_12)
FNDA:0,Module
FNDA:0,(anonymous_14)
FNDA:0,(anonymous_15)
FNDA:0,(anonymous_16)
FNDA:0,resetStoreVM
FNDA:0,(anonymous_18)
FNDA:0,(anonymous_19)
FNDA:0,Store
FNDA:0,(anonymous_21)
FNDA:0,(anonymous_22)
FNDA:0,(anonymous_23)
DA:1,0
DA:2,0
DA:6,0
DA:11,0
DA:12,0
DA:14,0
DA:15,0
DA:17,0
DA:18,0
DA:22,0
DA:25,0
DA:26,0
DA:27,0
DA:31,0
DA:32,0
DA:36,0
DA:37,0
DA:38,0
DA:41,0
DA:42,0
DA:45,0
DA:46,0
DA:47,0
DA:49,0
DA:50,0
DA:51,0
DA:52,0
DA:56,0
DA:57,0
DA:58,0
DA:59,0
DA:63,0
DA:64,0
DA:65,0
DA:66,0
DA:71,0
DA:72,0
DA:73,0
DA:74,0
DA:76,0
DA:80,0
DA:82,0
DA:89,0
DA:90,0
DA:91,0
DA:92,0
DA:93,0
DA:94,0
DA:95,0
DA:96,0
DA:97,0
DA:99,0
DA:100,0
DA:101,0
DA:102,0
DA:105,0
DA:106,0
DA:107,0
DA:108,0
DA:112,0
DA:113,0
LF:61
LH:0
BRDA:25,0,0,0
BRDA:25,0,1,0
BRDA:36,1,0,0
BRDA:36,1,1,0
BRDA:50,2,0,0
BRDA:50,2,1,0
BRDA:57,3,0,0
BRDA:57,3,1,0
BRDA:64,4,0,0
BRDA:64,4,1,0
BRF:10
BRH:0
end_of_record
TN:
SF:/Users/leonlin/Linjingbin/sourcecoderead/js-learn.js
FN:2,extendClass
FN:12,_promise
FN:14,resolve
FN:18,reject
FN:24,(anonymous_4)
FN:27,(anonymous_5)
FN:30,(anonymous_6)
FN:33,each
FN:38,(anonymous_8)
FN:39,(anonymous_9)
FNF:10
FNH:0
FNDA:0,extendClass
FNDA:0,_promise
FNDA:0,resolve
FNDA:0,reject
FNDA:0,(anonymous_4)
FNDA:0,(anonymous_5)
FNDA:0,(anonymous_6)
FNDA:0,each
FNDA:0,(anonymous_8)
FNDA:0,(anonymous_9)
DA:3,0
DA:4,0
DA:5,0
DA:6,0
DA:7,0
DA:13,0
DA:15,0
DA:16,0
DA:19,0
DA:20,0
DA:22,0
DA:24,0
DA:25,0
DA:27,0
DA:28,0
DA:30,0
DA:31,0
DA:32,0
DA:34,0
DA:35,0
DA:38,0
DA:39,0
DA:40,0
DA:41,0
LF:24
LH:0
BRDA:16,0,0,0
BRDA:16,0,1,0
BRDA:20,1,0,0
BRDA:20,1,1,0
BRDA:41,2,0,0
BRDA:41,2,1,0
BRDA:41,2,2,0
BRF:7
BRH:0
end_of_record
TN:
SF:/Users/leonlin/Linjingbin/sourcecoderead/learnHttp.js
FN:21,(anonymous_0)
FN:28,(anonymous_1)
FN:36,express
FN:38,(anonymous_3)
FN:42,(anonymous_4)
FN:46,(anonymous_5)
FN:57,(anonymous_6)
FN:68,(anonymous_7)
FN:69,(anonymous_8)
FN:78,(anonymous_9)
FN:95,(anonymous_10)
FN:100,(anonymous_11)
FN:104,(anonymous_12)
FN:110,(anonymous_13)
FN:119,(anonymous_14)
FN:126,(anonymous_15)
FN:129,(anonymous_16)
FN:131,(anonymous_17)
FN:132,(anonymous_18)
FN:137,recursive
FN:160,(anonymous_20)
FN:161,(anonymous_21)
FN:176,(anonymous_22)
FN:179,(anonymous_23)
FN:182,(anonymous_24)
FNF:25
FNH:0
FNDA:0,(anonymous_0)
FNDA:0,(anonymous_1)
FNDA:0,express
FNDA:0,(anonymous_3)
FNDA:0,(anonymous_4)
FNDA:0,(anonymous_5)
FNDA:0,(anonymous_6)
FNDA:0,(anonymous_7)
FNDA:0,(anonymous_8)
FNDA:0,(anonymous_9)
FNDA:0,(anonymous_10)
FNDA:0,(anonymous_11)
FNDA:0,(anonymous_12)
FNDA:0,(anonymous_13)
FNDA:0,(anonymous_14)
FNDA:0,(anonymous_15)
FNDA:0,(anonymous_16)
FNDA:0,(anonymous_17)
FNDA:0,(anonymous_18)
FNDA:0,recursive
FNDA:0,(anonymous_20)
FNDA:0,(anonymous_21)
FNDA:0,(anonymous_22)
FNDA:0,(anonymous_23)
FNDA:0,(anonymous_24)
DA:3,0
DA:4,0
DA:5,0
DA:6,0
DA:7,0
DA:8,0
DA:9,0
DA:10,0
DA:11,0
DA:12,0
DA:19,0
DA:20,0
DA:21,0
DA:22,0
DA:25,0
DA:26,0
DA:28,0
DA:29,0
DA:32,0
DA:33,0
DA:39,0
DA:40,0
DA:41,0
DA:42,0
DA:43,0
DA:44,0
DA:45,0
DA:46,0
DA:47,0
DA:49,0
DA:50,0
DA:54,0
DA:58,0
DA:59,0
DA:61,0
DA:62,0
DA:64,0
DA:65,0
DA:69,0
DA:70,0
DA:71,0
DA:72,0
DA:73,0
DA:74,0
DA:75,0
DA:76,0
DA:79,0
DA:80,0
DA:81,0
DA:85,0
DA:87,0
DA:92,0
DA:93,0
DA:96,0
DA:101,0
DA:102,0
DA:104,0
DA:108,0
DA:109,0
DA:110,0
DA:111,0
DA:114,0
DA:117,0
DA:120,0
DA:123,0
DA:124,0
DA:127,0
DA:130,0
DA:131,0
DA:132,0
DA:133,0
DA:134,0
DA:138,0
DA:139,0
DA:140,0
DA:141,0
DA:142,0
DA:143,0
DA:145,0
DA:146,0
DA:147,0
DA:149,0
DA:151,0
DA:152,0
DA:154,0
DA:156,0
DA:158,0
DA:161,0
DA:162,0
DA:163,0
DA:164,0
DA:165,0
DA:166,0
DA:168,0
DA:169,0
DA:170,0
DA:172,0
DA:173,0
DA:177,0
DA:180,0
DA:183,0
DA:186,0
LF:102
LH:0
BRDA:49,0,0,0
BRDA:49,0,1,0
BRDA:58,1,0,0
BRDA:58,1,1,0
BRDA:61,2,0,0
BRDA:61,2,1,0
BRDA:64,3,0,0
BRDA:64,3,1,0
BRDA:75,4,0,0
BRDA:75,4,1,0
BRDA:80,5,0,0
BRDA:80,5,1,0
BRDA:108,6,0,0
BRDA:108,6,1,0
BRDA:133,7,0,0
BRDA:133,7,1,0
BRDA:138,8,0,0
BRDA:138,8,1,0
BRDA:140,9,0,0
BRDA:140,9,1,0
BRDA:141,10,0,0
BRDA:141,10,1,0
BRDA:145,11,0,0
BRDA:145,11,1,0
BRDA:151,12,0,0
BRDA:151,12,1,0
BRDA:165,13,0,0
BRDA:165,13,1,0
BRDA:169,14,0,0
BRDA:169,14,1,0
BRF:30
BRH:0
end_of_record
TN:
SF:/Users/leonlin/Linjingbin/sourcecoderead/listener.js
FN:2,pushTarget
FN:6,popTarget
FN:10,Dep
FN:14,observe
FN:19,Observer
FN:27,(anonymous_5)
FN:32,(anonymous_6)
FN:35,(anonymous_7)
FN:40,(anonymous_8)
FN:46,Watcher
FN:62,(anonymous_10)
FN:68,(anonymous_11)
FN:76,(anonymous_12)
FN:80,(anonymous_13)
FN:87,(anonymous_14)
FN:91,defineReactive
FN:95,(anonymous_16)
FN:101,(anonymous_17)
FNF:18
FNH:0
FNDA:0,pushTarget
FNDA:0,popTarget
FNDA:0,Dep
FNDA:0,observe
FNDA:0,Observer
FNDA:0,(anonymous_5)
FNDA:0,(anonymous_6)
FNDA:0,(anonymous_7)
FNDA:0,(anonymous_8)
FNDA:0,Watcher
FNDA:0,(anonymous_10)
FNDA:0,(anonymous_11)
FNDA:0,(anonymous_12)
FNDA:0,(anonymous_13)
FNDA:0,(anonymous_14)
FNDA:0,defineReactive
FNDA:0,(anonymous_16)
FNDA:0,(anonymous_17)
DA:1,0
DA:3,0
DA:4,0
DA:7,0
DA:8,0
DA:11,0
DA:12,0
DA:16,0
DA:17,0
DA:20,0
DA:21,0
DA:22,0
DA:25,0
DA:27,0
DA:28,0
DA:29,0
DA:32,0
DA:33,0
DA:35,0
DA:36,0
DA:37,0
DA:40,0
DA:41,0
DA:42,0
DA:45,0
DA:47,0
DA:48,0
DA:50,0
DA:52,0
DA:53,0
DA:54,0
DA:55,0
DA:56,0
DA:57,0
DA:58,0
DA:59,0
DA:62,0
DA:63,0
DA:64,0
DA:65,0
DA:68,0
DA:69,0
DA:70,0
DA:71,0
DA:72,0
DA:73,0
DA:74,0
DA:76,0
DA:77,0
DA:78,0
DA:80,0
DA:81,0
DA:82,0
DA:83,0
DA:84,0
DA:85,0
DA:87,0
DA:92,0
DA:93,0
DA:94,0
DA:96,0
DA:97,0
DA:99,0
DA:102,0
DA:103,0
LF:65
LH:0
BRDA:36,0,0,0
BRDA:36,0,1,0
BRDA:47,1,0,0
BRDA:47,1,1,0
BRDA:59,2,0,0
BRDA:59,2,1,0
BRDA:63,3,0,0
BRDA:63,3,1,0
BRDA:96,4,0,0
BRDA:96,4,1,0
BRF:10
BRH:0
end_of_record
TN:
SF:/Users/leonlin/Linjingbin/sourcecoderead/parser.js
FN:1,parse
FN:4,(anonymous_1)
FN:16,(anonymous_2)
FN:27,(anonymous_3)
FN:34,parseText
FN:40,createASTElement
FN:47,parseHTML
FN:49,advance
FN:52,getAttrs
FN:57,(anonymous_9)
FN:58,(anonymous_10)
FN:66,parseStartTag
FN:81,handleStartTag
FN:85,handleEndTag
FNF:14
FNH:0
FNDA:0,parse
FNDA:0,(anonymous_1)
FNDA:0,(anonymous_2)
FNDA:0,(anonymous_3)
FNDA:0,parseText
FNDA:0,createASTElement
FNDA:0,parseHTML
FNDA:0,advance
FNDA:0,getAttrs
FNDA:0,(anonymous_9)
FNDA:0,(anonymous_10)
FNDA:0,parseStartTag
FNDA:0,handleStartTag
FNDA:0,handleEndTag
DA:2,0
DA:3,0
DA:5,0
DA:6,0
DA:7,0
DA:9,0
DA:10,0
DA:11,0
DA:13,0
DA:14,0
DA:17,0
DA:18,0
DA:19,0
DA:20,0
DA:28,0
DA:29,0
DA:32,0
DA:35,0
DA:36,0
DA:41,0
DA:48,0
DA:50,0
DA:53,0
DA:54,0
DA:56,0
DA:57,0
DA:59,0
DA:60,0
DA:61,0
DA:62,0
DA:63,0
DA:67,0
DA:68,0
DA:69,0
DA:73,0
DA:74,0
DA:75,0
DA:76,0
DA:77,0
DA:78,0
DA:79,0
DA:83,0
DA:86,0
DA:87,0
DA:88,0
DA:89,0
DA:90,0
DA:92,0
DA:93,0
DA:94,0
DA:95,0
DA:96,0
DA:97,0
DA:98,0
DA:100,0
DA:101,0
DA:102,0
DA:105,0
DA:106,0
DA:107,0
DA:109,0
DA:110,0
DA:111,0
LF:63
LH:0
BRDA:6,0,0,0
BRDA:6,0,1,0
BRDA:9,1,0,0
BRDA:9,1,1,0
BRDA:10,2,0,0
BRDA:10,2,1,0
BRDA:17,3,0,0
BRDA:17,3,1,0
BRDA:19,4,0,0
BRDA:19,4,1,0
BRDA:37,5,0,0
BRDA:37,5,1,0
BRDA:53,6,0,0
BRDA:53,6,1,0
BRDA:94,7,0,0
BRDA:94,7,1,0
BRDA:95,8,0,0
BRDA:95,8,1,0
BRDA:100,9,0,0
BRDA:100,9,1,0
BRDA:106,10,0,0
BRDA:106,10,1,0
BRF:22
BRH:0
end_of_record
TN:
SF:/Users/leonlin/Linjingbin/sourcecoderead/quicksort.js
FN:2,quickSort
FN:7,(anonymous_1)
FN:8,(anonymous_2)
FN:13,selectSort
FN:30,shellSort
FN:47,test
FN:49,generateRandom
FN:57,check
FNF:8
FNH:0
FNDA:0,quickSort
FNDA:0,(anonymous_1)
FNDA:0,(anonymous_2)
FNDA:0,selectSort
FNDA:0,shellSort
FNDA:0,test
FNDA:0,generateRandom
FNDA:0,check
DA:3,0
DA:4,0
DA:6,0
DA:7,0
DA:8,0
DA:9,0
DA:14,0
DA:15,0
DA:16,0
DA:17,0
DA:18,0
DA:19,0
DA:22,0
DA:23,0
DA:24,0
DA:27,0
DA:31,0
DA:32,0
DA:33,0
DA:34,0
DA:35,0
DA:36,0
DA:37,0
DA:44,0
DA:50,0
DA:51,0
DA:52,0
DA:53,0
DA:55,0
DA:58,0
DA:59,0
DA:60,0
DA:61,0
DA:62,0
DA:64,0
DA:67,0
DA:69,0
DA:70,0
DA:71,0
DA:72,0
DA:73,0
DA:76,0
DA:79,0
LF:43
LH:0
BRDA:3,0,0,0
BRDA:3,0,1,0
BRDA:7,1,0,0
BRDA:7,1,1,0
BRDA:8,2,0,0
BRDA:8,2,1,0
BRDA:17,3,0,0
BRDA:17,3,1,0
BRDA:17,4,0,0
BRDA:17,4,1,0
BRDA:34,5,0,0
BRDA:34,5,1,0
BRDA:60,6,0,0
BRDA:60,6,1,0
BRDA:72,7,0,0
BRDA:72,7,1,0
BRF:16
BRH:0
end_of_record
TN:
SF:/Users/leonlin/Linjingbin/sourcecoderead/webpack.config.js
FNF:0
FNH:0
DA:1,0
DA:2,0
DA:3,0
DA:4,0
DA:5,0
LF:5
LH:0
BRF:0
BRH:0
end_of_record
TN:
SF:/Users/leonlin/Linjingbin/sourcecoderead/coverage/lcov-report/block-navigation.js
FN:2,init
FN:24,toggleClass
FN:31,makeCurrent
FN:41,goToPrevious
FN:52,goToNext
FN:65,jump
FNF:6
FNH:0
FNDA:0,init
FNDA:0,toggleClass
FNDA:0,makeCurrent
FNDA:0,goToPrevious
FNDA:0,goToNext
FNDA:0,jump
DA:2,0
DA:4,0
DA:7,0
DA:10,0
DA:14,0
DA:20,0
DA:25,0
DA:28,0
DA:32,0
DA:33,0
DA:34,0
DA:42,0
DA:43,0
DA:44,0
DA:45,0
DA:46,0
DA:49,0
DA:53,0
DA:55,0
DA:59,0
DA:62,0
DA:65,0
DA:66,0
DA:69,0
DA:70,0
DA:74,0
DA:75,0
DA:79,0
LF:28
LH:0
BRDA:43,0,0,0
BRDA:43,0,1,0
BRDA:43,1,0,0
BRDA:43,1,1,0
BRDA:45,2,0,0
BRDA:45,2,1,0
BRDA:55,3,0,0
BRDA:55,3,1,0
BRDA:56,4,0,0
BRDA:56,4,1,0
BRDA:66,5,0,0
BRDA:66,5,1,0
BRDA:66,5,2,0
BRDA:66,5,3,0
BRDA:66,5,4,0
BRF:15
BRH:0
end_of_record
TN:
SF:/Users/leonlin/Linjingbin/sourcecoderead/coverage/lcov-report/prettify.js
FN:2,(anonymous_0)
FN:2,k
FN:2,ab
FN:2,T
FN:2,X
FN:2,(anonymous_5)
FN:2,W
FN:2,(anonymous_7)
FN:2,a
FN:2,aa
FN:2,B
FN:2,o
FN:2,g
FN:2,(anonymous_13)
FN:2,(anonymous_14)
FN:2,i
FN:2,Q
FN:2,ae
FN:2,ad
FN:2,ai
FN:2,D
FN:2,c
FN:2,q
FN:2,d
FN:2,y
FN:2,b
FN:2,Y
FN:2,(anonymous_27)
FN:2,U
FNF:29
FNH:0
FNDA:0,(anonymous_0)
FNDA:0,k
FNDA:0,ab
FNDA:0,T
FNDA:0,X
FNDA:0,(anonymous_5)
FNDA:0,W
FNDA:0,(anonymous_7)
FNDA:0,a
FNDA:0,aa
FNDA:0,B
FNDA:0,o
FNDA:0,g
FNDA:0,(anonymous_13)
FNDA:0,(anonymous_14)
FNDA:0,i
FNDA:0,Q
FNDA:0,ae
FNDA:0,ad
FNDA:0,ai
FNDA:0,D
FNDA:0,c
FNDA:0,q
FNDA:0,d
FNDA:0,y
FNDA:0,b
FNDA:0,Y
FNDA:0,(anonymous_27)
FNDA:0,U
DA:2,0
LF:1
LH:0
BRDA:2,0,0,0
BRDA:2,0,1,0
BRDA:2,1,0,0
BRDA:2,1,1,0
BRDA:2,2,0,0
BRDA:2,2,1,0
BRDA:2,3,0,0
BRDA:2,3,1,0
BRDA:2,4,0,0
BRDA:2,4,1,0
BRDA:2,5,0,0
BRDA:2,5,1,0
BRDA:2,6,0,0
BRDA:2,6,1,0
BRDA:2,7,0,0
BRDA:2,7,1,0
BRDA:2,8,0,0
BRDA:2,8,1,0
BRDA:2,9,0,0
BRDA:2,9,1,0
BRDA:2,10,0,0
BRDA:2,10,1,0
BRDA:2,11,0,0
BRDA:2,11,1,0
BRDA:2,11,2,0
BRDA:2,11,3,0
BRDA:2,12,0,0
BRDA:2,12,1,0
BRDA:2,13,0,0
BRDA:2,13,1,0
BRDA:2,14,0,0
BRDA:2,14,1,0
BRDA:2,15,0,0
BRDA:2,15,1,0
BRDA:2,16,0,0
BRDA:2,16,1,0
BRDA:2,17,0,0
BRDA:2,17,1,0
BRDA:2,18,0,0
BRDA:2,18,1,0
BRDA:2,19,0,0
BRDA:2,19,1,0
BRDA:2,20,0,0
BRDA:2,20,1,0
BRDA:2,21,0,0
BRDA:2,21,1,0
BRDA:2,22,0,0
BRDA:2,22,1,0
BRDA:2,23,0,0
BRDA:2,23,1,0
BRDA:2,24,0,0
BRDA:2,24,1,0
BRDA:2,25,0,0
BRDA:2,25,1,0
BRDA:2,26,0,0
BRDA:2,26,1,0
BRDA:2,27,0,0
BRDA:2,27,1,0
BRDA:2,28,0,0
BRDA:2,28,1,0
BRDA:2,29,0,0
BRDA:2,29,1,0
BRDA:2,30,0,0
BRDA:2,30,1,0
BRDA:2,31,0,0
BRDA:2,31,1,0
BRDA:2,32,0,0
BRDA:2,32,1,0
BRDA:2,33,0,0
BRDA:2,33,1,0
BRDA:2,34,0,0
BRDA:2,34,1,0
BRDA:2,35,0,0
BRDA:2,35,1,0
BRDA:2,36,0,0
BRDA:2,36,1,0
BRDA:2,37,0,0
BRDA:2,37,1,0
BRDA:2,38,0,0
BRDA:2,38,1,0
BRDA:2,39,0,0
BRDA:2,39,1,0
BRDA:2,40,0,0
BRDA:2,40,1,0
BRDA:2,41,0,0
BRDA:2,41,1,0
BRDA:2,42,0,0
BRDA:2,42,1,0
BRDA:2,43,0,0
BRDA:2,43,1,0
BRDA:2,44,0,0
BRDA:2,44,1,0
BRDA:2,45,0,0
BRDA:2,45,1,0
BRDA:2,46,0,0
BRDA:2,46,1,0
BRDA:2,47,0,0
BRDA:2,47,1,0
BRDA:2,48,0,0
BRDA:2,48,1,0
BRDA:2,49,0,0
BRDA:2,49,1,0
BRDA:2,50,0,0
BRDA:2,50,1,0
BRDA:2,50,2,0
BRDA:2,51,0,0
BRDA:2,51,1,0
BRDA:2,52,0,0
BRDA:2,52,1,0
BRDA:2,53,0,0
BRDA:2,53,1,0
BRDA:2,54,0,0
BRDA:2,54,1,0
BRDA:2,55,0,0
BRDA:2,55,1,0
BRDA:2,56,0,0
BRDA:2,56,1,0
BRDA:2,57,0,0
BRDA:2,57,1,0
BRDA:2,58,0,0
BRDA:2,58,1,0
BRDA:2,59,0,0
BRDA:2,59,1,0
BRDA:2,60,0,0
BRDA:2,60,1,0
BRDA:2,61,0,0
BRDA:2,61,1,0
BRDA:2,62,0,0
BRDA:2,62,1,0
BRDA:2,63,0,0
BRDA:2,63,1,0
BRDA:2,64,0,0
BRDA:2,64,1,0
BRDA:2,65,0,0
BRDA:2,65,1,0
BRDA:2,66,0,0
BRDA:2,66,1,0
BRDA:2,67,0,0
BRDA:2,67,1,0
BRDA:2,68,0,0
BRDA:2,68,1,0
BRDA:2,69,0,0
BRDA:2,69,1,0
BRDA:2,70,0,0
BRDA:2,70,1,0
BRDA:2,71,0,0
BRDA:2,71,1,0
BRDA:2,72,0,0
BRDA:2,72,1,0
BRDA:2,73,0,0
BRDA:2,73,1,0
BRDA:2,74,0,0
BRDA:2,74,1,0
BRDA:2,75,0,0
BRDA:2,75,1,0
BRDA:2,76,0,0
BRDA:2,76,1,0
BRDA:2,77,0,0
BRDA:2,77,1,0
BRDA:2,78,0,0
BRDA:2,78,1,0
BRDA:2,79,0,0
BRDA:2,79,1,0
BRDA:2,80,0,0
BRDA:2,80,1,0
BRDA:2,81,0,0
BRDA:2,81,1,0
BRDA:2,82,0,0
BRDA:2,82,1,0
BRDA:2,83,0,0
BRDA:2,83,1,0
BRDA:2,84,0,0
BRDA:2,84,1,0
BRDA:2,85,0,0
BRDA:2,85,1,0
BRDA:2,86,0,0
BRDA:2,86,1,0
BRDA:2,87,0,0
BRDA:2,87,1,0
BRDA:2,88,0,0
BRDA:2,88,1,0
BRDA:2,89,0,0
BRDA:2,89,1,0
BRDA:2,89,2,0
BRDA:2,90,0,0
BRDA:2,90,1,0
BRDA:2,91,0,0
BRDA:2,91,1,0
BRDA:2,92,0,0
BRDA:2,92,1,0
BRDA:2,93,0,0
BRDA:2,93,1,0
BRDA:2,94,0,0
BRDA:2,94,1,0
BRDA:2,95,0,0
BRDA:2,95,1,0
BRDA:2,96,0,0
BRDA:2,96,1,0
BRDA:2,97,0,0
BRDA:2,97,1,0
BRDA:2,98,0,0
BRDA:2,98,1,0
BRDA:2,99,0,0
BRDA:2,99,1,0
BRDA:2,100,0,0
BRDA:2,100,1,0
BRDA:2,101,0,0
BRDA:2,101,1,0
BRDA:2,102,0,0
BRDA:2,102,1,0
BRDA:2,103,0,0
BRDA:2,103,1,0
BRDA:2,104,0,0
BRDA:2,104,1,0
BRDA:2,105,0,0
BRDA:2,105,1,0
BRDA:2,106,0,0
BRDA:2,106,1,0
BRDA:2,107,0,0
BRDA:2,107,1,0
BRDA:2,108,0,0
BRDA:2,108,1,0
BRDA:2,109,0,0
BRDA:2,109,1,0
BRDA:2,110,0,0
BRDA:2,110,1,0
BRDA:2,111,0,0
BRDA:2,111,1,0
BRDA:2,112,0,0
BRDA:2,112,1,0
BRDA:2,113,0,0
BRDA:2,113,1,0
BRDA:2,114,0,0
BRDA:2,114,1,0
BRDA:2,115,0,0
BRDA:2,115,1,0
BRDA:2,116,0,0
BRDA:2,116,1,0
BRDA:2,117,0,0
BRDA:2,117,1,0
BRDA:2,118,0,0
BRDA:2,118,1,0
BRDA:2,119,0,0
BRDA:2,119,1,0
BRDA:2,120,0,0
BRDA:2,120,1,0
BRDA:2,121,0,0
BRDA:2,121,1,0
BRDA:2,122,0,0
BRDA:2,122,1,0
BRDA:2,123,0,0
BRDA:2,123,1,0
BRDA:2,124,0,0
BRDA:2,124,1,0
BRDA:2,125,0,0
BRDA:2,125,1,0
BRDA:2,126,0,0
BRDA:2,126,1,0
BRDA:2,127,0,0
BRDA:2,127,1,0
BRDA:2,128,0,0
BRDA:2,128,1,0
BRDA:2,128,2,0
BRDA:2,129,0,0
BRDA:2,129,1,0
BRDA:2,130,0,0
BRDA:2,130,1,0
BRDA:2,131,0,0
BRDA:2,131,1,0
BRDA:2,131,2,0
BRDA:2,131,3,0
BRDA:2,131,4,0
BRDA:2,132,0,0
BRDA:2,132,1,0
BRDA:2,133,0,0
BRDA:2,133,1,0
BRDA:2,134,0,0
BRDA:2,134,1,0
BRDA:2,135,0,0
BRDA:2,135,1,0
BRDA:2,136,0,0
BRDA:2,136,1,0
BRDA:2,137,0,0
BRDA:2,137,1,0
BRDA:2,138,0,0
BRDA:2,138,1,0
BRF:286
BRH:0
end_of_record
TN:
SF:/Users/leonlin/Linjingbin/sourcecoderead/coverage/lcov-report/sorter.js
FN:2,(anonymous_0)
FN:11,getTable
FN:15,getTableHeader
FN:19,getTableBody
FN:23,getNthColumn
FN:28,loadColumns
FN:53,loadRowData
FN:72,loadData
FN:81,sortByIndex
FN:83,(anonymous_9)
FN:95,(anonymous_10)
FN:112,removeSortIndicators
FN:120,addSortIndicators
FN:126,enableUI
FN:129,ithSorter
FN:132,(anonymous_15)
FN:159,(anonymous_16)
FNF:17
FNH:0
FNDA:0,(anonymous_0)
FNDA:0,getTable
FNDA:0,getTableHeader
FNDA:0,getTableBody
FNDA:0,getNthColumn
FNDA:0,loadColumns
FNDA:0,loadRowData
FNDA:0,loadData
FNDA:0,sortByIndex
FNDA:0,(anonymous_9)
FNDA:0,(anonymous_10)
FNDA:0,removeSortIndicators
FNDA:0,addSortIndicators
FNDA:0,enableUI
FNDA:0,ithSorter
FNDA:0,(anonymous_15)
FNDA:0,(anonymous_16)
DA:2,0
DA:5,0
DA:12,0
DA:16,0
DA:20,0
DA:24,0
DA:29,0
DA:31,0
DA:35,0
DA:36,0
DA:37,0
DA:42,0
DA:43,0
DA:44,0
DA:45,0
DA:49,0
DA:54,0
DA:57,0
DA:60,0
DA:61,0
DA:62,0
DA:63,0
DA:64,0
DA:65,0
DA:67,0
DA:69,0
DA:73,0
DA:76,0
DA:77,0
DA:82,0
DA:83,0
DA:84,0
DA:85,0
DA:86,0
DA:88,0
DA:89,0
DA:90,0
DA:91,0
DA:94,0
DA:95,0
DA:96,0
DA:100,0
DA:101,0
DA:102,0
DA:105,0
DA:107,0
DA:108,0
DA:113,0
DA:114,0
DA:116,0
DA:117,0
DA:121,0
DA:129,0
DA:130,0
DA:132,0
DA:133,0
DA:135,0
DA:136,0
DA:138,0
DA:139,0
DA:140,0
DA:141,0
DA:142,0
DA:145,0
DA:146,0
DA:149,0
DA:150,0
DA:151,0
DA:153,0
DA:159,0
DA:160,0
DA:161,0
DA:163,0
DA:164,0
DA:165,0
DA:166,0
DA:170,0
LF:77
LH:0
BRDA:40,0,0,0
BRDA:40,0,1,0
BRDA:43,1,0,0
BRDA:43,1,1,0
BRDA:64,2,0,0
BRDA:64,2,1,0
BRDA:86,3,0,0
BRDA:86,3,1,0
BRDA:86,4,0,0
BRDA:86,4,1,0
BRDA:94,5,0,0
BRDA:94,5,1,0
BRDA:121,6,0,0
BRDA:121,6,1,0
BRDA:135,7,0,0
BRDA:135,7,1,0
BRDA:146,8,0,0
BRDA:146,8,1,0
BRDA:150,9,0,0
BRDA:150,9,1,0
BRDA:160,10,0,0
BRDA:160,10,1,0
BRF:22
BRH:0
end_of_record
TN:
SF:/Users/leonlin/Linjingbin/sourcecoderead/html/index.js
FN:1,(anonymous_0)
FN:3,webpackJsonpCallback
FN:35,checkDeferredModules
FN:66,__webpack_require__
FN:97,(anonymous_4)
FN:104,(anonymous_5)
FN:116,(anonymous_6)
FN:123,(anonymous_7)
FN:128,(anonymous_8)
FN:130,getDefault
FN:131,getModuleExports
FN:137,(anonymous_11)
FN:163,(anonymous_12)
FN:177,mounted
FN:180,(anonymous_14)
FN:182,(anonymous_15)
FN:185,(anonymous_16)
FN:189,data
FN:195,btnclick
FN:209,(anonymous_19)
FN:217,mounted
FN:219,data
FN:234,(anonymous_22)
FN:242,mounted
FN:244,data
FN:258,(anonymous_25)
FN:262,(anonymous_26)
FN:263,(anonymous_27)
FN:264,(anonymous_28)
FN:292,(anonymous_29)
FN:296,(anonymous_30)
FN:297,(anonymous_31)
FN:298,(anonymous_32)
FN:316,(anonymous_33)
FN:320,(anonymous_34)
FN:321,(anonymous_35)
FN:322,(anonymous_36)
FN:340,(anonymous_37)
FN:366,(anonymous_38)
FN:403,(anonymous_39)
FN:417,(anonymous_40)
FN:422,(anonymous_41)
FN:424,(anonymous_42)
FN:435,(anonymous_43)
FN:472,(anonymous_44)
FN:486,(anonymous_45)
FN:491,(anonymous_46)
FN:493,(anonymous_47)
FN:504,(anonymous_48)
FN:541,(anonymous_49)
FN:555,(anonymous_50)
FN:560,(anonymous_51)
FN:562,(anonymous_52)
FN:573,(anonymous_53)
FNF:54
FNH:0
FNDA:0,(anonymous_0)
FNDA:0,webpackJsonpCallback
FNDA:0,checkDeferredModules
FNDA:0,__webpack_require__
FNDA:0,(anonymous_4)
FNDA:0,(anonymous_5)
FNDA:0,(anonymous_6)
FNDA:0,(anonymous_7)
FNDA:0,(anonymous_8)
FNDA:0,getDefault
FNDA:0,getModuleExports
FNDA:0,(anonymous_11)
FNDA:0,(anonymous_12)
FNDA:0,mounted
FNDA:0,(anonymous_14)
FNDA:0,(anonymous_15)
FNDA:0,(anonymous_16)
FNDA:0,data
FNDA:0,btnclick
FNDA:0,(anonymous_19)
FNDA:0,mounted
FNDA:0,data
FNDA:0,(anonymous_22)
FNDA:0,mounted
FNDA:0,data
FNDA:0,(anonymous_25)
FNDA:0,(anonymous_26)
FNDA:0,(anonymous_27)
FNDA:0,(anonymous_28)
FNDA:0,(anonymous_29)
FNDA:0,(anonymous_30)
FNDA:0,(anonymous_31)
FNDA:0,(anonymous_32)
FNDA:0,(anonymous_33)
FNDA:0,(anonymous_34)
FNDA:0,(anonymous_35)
FNDA:0,(anonymous_36)
FNDA:0,(anonymous_37)
FNDA:0,(anonymous_38)
FNDA:0,(anonymous_39)
FNDA:0,(anonymous_40)
FNDA:0,(anonymous_41)
FNDA:0,(anonymous_42)
FNDA:0,(anonymous_43)
FNDA:0,(anonymous_44)
FNDA:0,(anonymous_45)
FNDA:0,(anonymous_46)
FNDA:0,(anonymous_47)
FNDA:0,(anonymous_48)
FNDA:0,(anonymous_49)
FNDA:0,(anonymous_50)
FNDA:0,(anonymous_51)
FNDA:0,(anonymous_52)
FNDA:0,(anonymous_53)
DA:1,0
DA:4,0
DA:5,0
DA:6,0
DA:10,0
DA:11,0
DA:12,0
DA:13,0
DA:14,0
DA:16,0
DA:18,0
DA:19,0
DA:20,0
DA:23,0
DA:25,0
DA:26,0
DA:30,0
DA:33,0
DA:37,0
DA:38,0
DA:39,0
DA:40,0
DA:41,0
DA:42,0
DA:44,0
DA:45,0
DA:46,0
DA:50,0
DA:54,0
DA:59,0
DA:63,0
DA:69,0
DA:70,0
DA:73,0
DA:80,0
DA:83,0
DA:86,0
DA:91,0
DA:94,0
DA:97,0
DA:98,0
DA:99,0
DA:104,0
DA:105,0
DA:106,0
DA:108,0
DA:116,0
DA:117,0
DA:118,0
DA:119,0
DA:120,0
DA:121,0
DA:122,0
DA:123,0
DA:124,0
DA:128,0
DA:129,0
DA:130,0
DA:131,0
DA:132,0
DA:133,0
DA:137,0
DA:140,0
DA:142,0
DA:143,0
DA:144,0
DA:145,0
DA:146,0
DA:147,0
DA:151,0
DA:153,0
DA:166,0
DA:167,0
DA:176,0
DA:178,0
DA:180,0
DA:181,0
DA:183,0
DA:184,0
DA:186,0
DA:190,0
DA:196,0
DA:200,0
DA:212,0
DA:216,0
DA:220,0
DA:225,0
DA:237,0
DA:241,0
DA:245,0
DA:261,0
DA:262,0
DA:263,0
DA:264,0
DA:265,0
DA:266,0
DA:267,0
DA:268,0
DA:280,0
DA:281,0
DA:295,0
DA:296,0
DA:297,0
DA:298,0
DA:299,0
DA:300,0
DA:301,0
DA:302,0
DA:304,0
DA:305,0
DA:319,0
DA:320,0
DA:321,0
DA:322,0
DA:323,0
DA:324,0
DA:325,0
DA:326,0
DA:328,0
DA:329,0
DA:343,0
DA:344,0
DA:345,0
DA:346,0
DA:350,0
DA:351,0
DA:352,0
DA:353,0
DA:354,0
DA:355,0
DA:356,0
DA:357,0
DA:369,0
DA:370,0
DA:371,0
DA:372,0
DA:380,0
DA:392,0
DA:393,0
DA:394,0
DA:406,0
DA:407,0
DA:408,0
DA:420,0
DA:421,0
DA:422,0
DA:424,0
DA:438,0
DA:439,0
DA:440,0
DA:441,0
DA:449,0
DA:461,0
DA:462,0
DA:463,0
DA:475,0
DA:476,0
DA:477,0
DA:489,0
DA:490,0
DA:491,0
DA:493,0
DA:507,0
DA:508,0
DA:509,0
DA:510,0
DA:518,0
DA:530,0
DA:531,0
DA:532,0
DA:544,0
DA:545,0
DA:546,0
DA:558,0
DA:559,0
DA:560,0
DA:562,0
DA:576,0
DA:577,0
DA:578,0
DA:579,0
DA:583,0
DA:584,0
LF:183
LH:0
BRDA:13,0,0,0
BRDA:13,0,1,0
BRDA:13,1,0,0
BRDA:13,1,1,0
BRDA:19,2,0,0
BRDA:19,2,1,0
BRDA:23,3,0,0
BRDA:23,3,1,0
BRDA:30,4,0,0
BRDA:30,4,1,0
BRDA:42,5,0,0
BRDA:42,5,1,0
BRDA:44,6,0,0
BRDA:44,6,1,0
BRDA:69,7,0,0
BRDA:69,7,1,0
BRDA:98,8,0,0
BRDA:98,8,1,0
BRDA:105,9,0,0
BRDA:105,9,1,0
BRDA:105,10,0,0
BRDA:105,10,1,0
BRDA:117,11,0,0
BRDA:117,11,1,0
BRDA:118,12,0,0
BRDA:118,12,1,0
BRDA:119,13,0,0
BRDA:119,13,1,0
BRDA:119,14,0,0
BRDA:119,14,1,0
BRDA:119,14,2,0
BRDA:119,14,3,0
BRDA:123,15,0,0
BRDA:123,15,1,0
BRDA:123,16,0,0
BRDA:123,16,1,0
BRDA:129,17,0,0
BRDA:129,17,1,0
BRDA:129,18,0,0
BRDA:129,18,1,0
BRDA:142,19,0,0
BRDA:142,19,1,0
BRDA:267,20,0,0
BRDA:267,20,1,0
BRDA:301,21,0,0
BRDA:301,21,1,0
BRDA:325,22,0,0
BRDA:325,22,1,0
BRDA:392,23,0,0
BRDA:392,23,1,0
BRDA:461,24,0,0
BRDA:461,24,1,0
BRDA:530,25,0,0
BRDA:530,25,1,0
BRF:54
BRH:0
end_of_record
TN:
SF:/Users/leonlin/Linjingbin/sourcecoderead/html/vendor.js
FN:8,(anonymous_0)
FN:19,defaultSetTimout
FN:23,defaultClearTimeout
FN:27,(anonymous_3)
FN:49,runTimeout
FN:75,runClearTimeout
FN:107,cleanUpNextTick
FN:125,drainQueue
FN:153,(anonymous_8)
FN:170,Item
FN:175,(anonymous_10)
FN:187,noop
FN:199,(anonymous_12)
FN:203,(anonymous_13)
FN:207,(anonymous_14)
FN:211,(anonymous_15)
FN:215,(anonymous_16)
FN:226,(anonymous_17)
FN:228,(anonymous_18)
FN:228,(anonymous_19)
FN:242,setImmediate
FN:265,clearImmediate
FN:269,run
FN:296,runIfPresent
FN:319,installNextTickImplementation
FN:320,(anonymous_25)
FN:321,(anonymous_26)
FN:327,canUsePostMessage
FN:334,(anonymous_28)
FN:344,installPostMessageImplementation
FN:350,(anonymous_30)
FN:362,(anonymous_31)
FN:367,installMessageChannelImplementation
FN:370,(anonymous_33)
FN:375,(anonymous_34)
FN:380,installReadyStateChangeImplementation
FN:383,(anonymous_36)
FN:388,(anonymous_37)
FN:399,installSetTimeoutImplementation
FN:400,(anonymous_39)
FN:438,(anonymous_40)
FN:440,(anonymous_41)
FN:443,(anonymous_42)
FN:447,(anonymous_43)
FN:451,(anonymous_44)
FN:457,Timeout
FN:462,(anonymous_46)
FN:464,(anonymous_47)
FN:469,(anonymous_48)
FN:474,(anonymous_49)
FN:479,(anonymous_50)
FN:484,onTimeout
FN:507,(anonymous_52)
FN:511,(anonymous_53)
FN:518,normalizeComponent
FN:552,(anonymous_55)
FN:576,(anonymous_56)
FN:587,renderWithStyleInjection
FN:614,(anonymous_58)
FN:625,assert
FN:631,warn
FN:637,isError
FN:641,isExtendedError
FN:646,extend
FN:663,render
FN:713,(anonymous_65)
FN:724,(anonymous_66)
FN:730,(anonymous_67)
FN:757,resolveProps
FN:783,(anonymous_69)
FN:791,(anonymous_70)
FN:797,resolveQuery
FN:816,parseQuery
FN:824,(anonymous_73)
FN:840,stringifyQuery
FN:841,(anonymous_75)
FN:854,(anonymous_76)
FN:869,(anonymous_77)
FN:879,createRoute
FN:905,clone
FN:926,formatMatch
FN:937,getFullPath
FN:947,isSameRoute
FN:961,isObjectEqual
FN:976,(anonymous_84)
FN:988,isIncludedRoute
FN:992,queryIncludes
FN:1004,resolvePath
FN:1044,parsePath
FN:1068,cleanPath
FN:1072,(anonymous_90)
FN:1108,parse
FN:1179,compile
FN:1190,encodeURIComponentPretty
FN:1191,(anonymous_94)
FN:1203,encodeAsterisk
FN:1204,(anonymous_96)
FN:1213,tokensToFunction
FN:1223,(anonymous_98)
FN:1299,escapeString
FN:1310,escapeGroup
FN:1322,attachKeys
FN:1334,flags
FN:1346,regexpToRegexp
FN:1377,arrayToRegexp
FN:1397,stringToRegexp
FN:1410,tokensToRegExp
FN:1485,pathToRegexp
FN:1525,fillParams
FN:1552,normalizeLocation
FN:1606,(anonymous_110)
FN:1629,render
FN:1649,(anonymous_112)
FN:1664,(anonymous_113)
FN:1720,guardEvent
FN:1753,findAnchor
FN:1773,install
FN:1781,(anonymous_117)
FN:1785,(anonymous_118)
FN:1794,beforeCreate
FN:1808,destroyed
FN:1813,get
FN:1818,get
FN:1834,createRouteMap
FN:1841,(anonymous_124)
FN:1860,addRouteRecord
FN:1899,(anonymous_126)
FN:1906,(anonymous_127)
FN:1947,compileRouteRegex
FN:1952,(anonymous_129)
FN:1961,normalizePath
FN:1979,createMatcher
FN:1985,addRoutes
FN:1989,match
FN:2004,(anonymous_134)
FN:2006,(anonymous_135)
FN:2041,redirect
FN:2105,alias
FN:2122,_createRoute
FN:2140,matchRoute
FN:2162,resolveRecordPath
FN:2170,setupScroll
FN:2181,(anonymous_142)
FN:2190,handleScroll
FN:2206,(anonymous_144)
FN:2215,(anonymous_145)
FN:2217,(anonymous_146)
FN:2228,saveScrollPosition
FN:2239,getScrollPosition
FN:2247,getElementPosition
FN:2257,isValidPosition
FN:2261,normalizePosition
FN:2268,normalizeOffset
FN:2275,isNumber
FN:2281,scrollToPosition
FN:2309,(anonymous_155)
FN:2324,genKey
FN:2328,getStateKey
FN:2332,setStateKey
FN:2336,pushState
FN:2358,replaceState
FN:2364,runQueue
FN:2365,(anonymous_162)
FN:2370,(anonymous_163)
FN:2384,resolveAsyncComponents
FN:2385,(anonymous_165)
FN:2389,(anonymous_166)
FN:2398,(anonymous_167)
FN:2412,(anonymous_168)
FN:2450,flatMapComponents
FN:2451,(anonymous_170)
FN:2452,(anonymous_171)
FN:2458,flatten
FN:2464,isESModule
FN:2472,once
FN:2474,(anonymous_175)
FN:2491,(anonymous_176)
FN:2492,NavigationDuplicated
FN:2507,History
FN:2519,listen
FN:2523,onReady
FN:2535,onError
FN:2539,transitionTo
FN:2542,(anonymous_183)
FN:2549,(anonymous_184)
FN:2553,(anonymous_185)
FN:2560,(anonymous_186)
FN:2567,confirmTransition
FN:2571,(anonymous_188)
FN:2578,(anonymous_189)
FN:2604,(anonymous_190)
FN:2610,(anonymous_191)
FN:2616,(anonymous_192)
FN:2640,(anonymous_193)
FN:2643,(anonymous_194)
FN:2651,(anonymous_195)
FN:2660,(anonymous_196)
FN:2661,(anonymous_197)
FN:2670,updateRoute
FN:2674,(anonymous_199)
FN:2679,normalizeBase
FN:2701,resolveQueue
FN:2718,extractGuards
FN:2719,(anonymous_203)
FN:2723,(anonymous_204)
FN:2731,extractGuard
FN:2740,extractLeaveGuards
FN:2744,extractUpdateHooks
FN:2748,bindGuard
FN:2750,boundRouteGuard
FN:2756,extractEnterGuards
FN:2757,(anonymous_211)
FN:2762,bindEnterGuard
FN:2763,routeEnterGuard
FN:2764,(anonymous_214)
FN:2766,(anonymous_215)
FN:2781,poll
FN:2787,(anonymous_217)
FN:2797,(anonymous_218)
FN:2798,HTML5History
FN:2809,(anonymous_220)
FN:2819,(anonymous_221)
FN:2831,go
FN:2835,push
FN:2839,(anonymous_224)
FN:2846,replace
FN:2850,(anonymous_226)
FN:2857,ensureURL
FN:2864,getCurrentLocation
FN:2871,getLocation
FN:2885,(anonymous_230)
FN:2886,HashHistory
FN:2901,setupListeners
FN:2911,(anonymous_233)
FN:2918,(anonymous_234)
FN:2930,push
FN:2934,(anonymous_236)
FN:2941,replace
FN:2945,(anonymous_238)
FN:2952,go
FN:2956,ensureURL
FN:2964,getCurrentLocation
FN:2971,checkFallback
FN:2980,ensureSlash
FN:2991,getHash
FN:3024,getUrl
FN:3031,pushHash
FN:3039,replaceHash
FN:3051,(anonymous_248)
FN:3052,AbstractHistory
FN:3062,push
FN:3064,(anonymous_251)
FN:3071,replace
FN:3073,(anonymous_253)
FN:3079,go
FN:3088,(anonymous_255)
FN:3091,(anonymous_256)
FN:3098,getCurrentLocation
FN:3103,ensureURL
FN:3111,VueRouter
FN:3160,match
FN:3164,(anonymous_261)
FN:3168,init
FN:3176,(anonymous_263)
FN:3202,(anonymous_264)
FN:3209,(anonymous_265)
FN:3210,(anonymous_266)
FN:3216,beforeEach
FN:3220,beforeResolve
FN:3224,afterEach
FN:3228,onReady
FN:3232,onError
FN:3236,push
FN:3240,(anonymous_273)
FN:3248,replace
FN:3252,(anonymous_275)
FN:3260,go
FN:3264,back
FN:3268,forward
FN:3272,getMatchedComponents
FN:3279,(anonymous_280)
FN:3280,(anonymous_281)
FN:3286,resolve
FN:3303,addRoutes
FN:3313,registerHook
FN:3315,(anonymous_285)
FN:3324,createHref
FN:3345,(anonymous_287)
FN:3349,(anonymous_288)
FN:3359,isUndef
FN:3363,isDef
FN:3367,isTrue
FN:3371,isFalse
FN:3379,isPrimitive
FN:3390,isObject
FN:3400,toRawType
FN:3409,isPlainObject
FN:3413,isRegExp
FN:3421,isValidArrayIndex
FN:3426,isPromise
FN:3434,toString
FN:3443,toNumber
FN:3453,makeMap
FN:3461,(anonymous_303)
FN:3463,(anonymous_304)
FN:3482,remove
FN:3498,hasOwn
FN:3506,cached
FN:3508,cachedFn
FN:3519,(anonymous_309)
FN:3520,(anonymous_310)
FN:3528,(anonymous_311)
FN:3536,(anonymous_312)
FN:3559,nativeBind
FN:3568,toArray
FN:3584,extend
FN:3596,toObject
FN:3616,noop
FN:3622,(anonymous_318)
FN:3632,(anonymous_319)
FN:3641,looseEqual
FN:3655,(anonymous_321)
FN:3663,(anonymous_322)
FN:3687,looseIndexOf
FN:3701,once
FN:3703,(anonymous_325)
FN:3822,isReserved
FN:3831,def
FN:3846,parsePath
FN:3852,(anonymous_329)
FN:3890,get
FN:3904,(anonymous_331)
FN:3941,(anonymous_332)
FN:3942,Set
FN:3946,has
FN:3950,add
FN:3954,clear
FN:3974,(anonymous_337)
FN:3975,(anonymous_338)
FN:3980,(anonymous_339)
FN:3990,(anonymous_340)
FN:3996,(anonymous_341)
FN:4013,(anonymous_342)
FN:4031,(anonymous_343)
FN:4054,(anonymous_344)
FN:4071,Dep
FN:4076,addSub
FN:4080,removeSub
FN:4084,depend
FN:4090,notify
FN:4098,(anonymous_350)
FN:4114,pushTarget
FN:4119,popTarget
FN:4126,VNode
FN:4166,(anonymous_354)
FN:4174,createTextVNode
FN:4182,cloneVNode
FN:4211,(anonymous_357)
FN:4214,mutator
FN:4254,toggleObserving
FN:4265,Observer
FN:4290,walk
FN:4302,observeArray
FN:4314,protoAugment
FN:4340,observe
FN:4364,defineReactive$$1
FN:4384,reactiveGetter
FN:4401,reactiveSetter
FN:4438,set
FN:4475,del
FN:4510,dependArray
FN:4535,(anonymous_371)
FN:4548,mergeData
FN:4580,mergeDataOrFn
FN:4596,mergedDataFn
FN:4600,mergedInstanceDataFn
FN:4614,(anonymous_376)
FN:4631,mergeHook
FN:4636,dedupeHooks
FN:4648,(anonymous_379)
FN:4659,mergeAssets
FN:4670,(anonymous_381)
FN:4680,(anonymous_382)
FN:4725,(anonymous_383)
FN:4749,(anonymous_384)
FN:4757,checkComponents
FN:4763,validateComponentName
FN:4778,normalizeProps
FN:4822,normalizeInject
FN:4855,normalizeDirectives
FN:4872,assertObjectType
FN:4883,mergeOptions
FN:4924,mergeField
FN:4938,resolveAsset
FN:4974,validateProp
FN:5017,getPropDefaultValue
FN:5044,assertProp
FN:5086,assertType
FN:5117,getType
FN:5122,isSameType
FN:5126,getTypeIndex
FN:5140,getInvalidTypeMessage
FN:5160,styleValue
FN:5170,isExplicable
FN:5172,(anonymous_404)
FN:5177,isBoolean
FN:5183,(anonymous_406)
FN:5190,handleError
FN:5224,invokeWithErrorHandling
FN:5231,(anonymous_409)
FN:5245,globalHandleError
FN:5261,logError
FN:5281,flushCallbacks
FN:5359,nextTick
FN:5362,(anonymous_414)
FN:5381,(anonymous_415)
FN:5397,(anonymous_416)
FN:5401,(anonymous_417)
FN:5410,set
FN:5423,has
FN:5439,get
FN:5452,initProxy
FN:5473,traverse
FN:5479,_traverse
FN:5535,(anonymous_424)
FN:5551,createFnInvoker
FN:5552,invoker
FN:5572,updateListeners
FN:5608,mergeVNodeHook
FN:5616,wrappedHook
FN:5644,extractPropsFromVNodeData
FN:5677,checkProp
FN:5714,simpleNormalizeChildren
FN:5728,normalizeChildren
FN:5732,isTextNode
FN:5736,normalizeArrayChildren
FN:5791,initProvide
FN:5799,initInjections
FN:5804,(anonymous_438)
FN:5807,(anonymous_439)
FN:5816,resolveInject
FN:5861,resolveSlots
FN:5902,isWhitespace
FN:5908,normalizeScopedSlots
FN:5952,normalizeScopedSlot
FN:5953,(anonymous_445)
FN:5975,proxyNormalSlot
FN:5976,(anonymous_447)
FN:5987,renderList
FN:6037,renderSlot
FN:6075,resolveFilter
FN:6081,isKeyNotMatch
FN:6095,checkKeyCodes
FN:6113,bindObjectProps
FN:6124,(anonymous_454)
FN:6141,(anonymous_455)
FN:6161,renderStatic
FN:6182,markOnce
FN:6187,markStatic
FN:6199,markStaticNode
FN:6207,bindObjectListeners
FN:6227,resolveScopedSlots
FN:6258,bindDynamicKeys
FN:6276,prependModifier
FN:6282,installRenderHelpers
FN:6304,FunctionalRenderContext
FN:6333,(anonymous_466)
FN:6343,get
FN:6357,(anonymous_468)
FN:6368,(anonymous_469)
FN:6376,createFunctionalComponent
FN:6412,cloneAndMarkFunctionalResult
FN:6431,mergeProps
FN:6447,init
FN:6458,prepatch
FN:6467,insert
FN:6491,destroy
FN:6507,createComponent
FN:6592,createComponentInstanceForVnode
FN:6611,installComponentHooks
FN:6625,mergeHook$1
FN:6626,(anonymous_481)
FN:6638,transformModel
FN:6661,createElement
FN:6675,_createElement
FN:6753,applyNS
FN:6776,registerDeepBindings
FN:6788,initRender
FN:6803,(anonymous_488)
FN:6809,(anonymous_489)
FN:6819,(anonymous_490)
FN:6822,(anonymous_491)
FN:6830,renderMixin
FN:6834,(anonymous_493)
FN:6838,(anonymous_494)
FN:6902,ensureCtor
FN:6910,createAsyncPlaceholder
FN:6922,resolveAsyncComponent
FN:6947,(anonymous_498)
FN:6951,(anonymous_499)
FN:6971,(anonymous_500)
FN:6982,(anonymous_501)
FN:7011,(anonymous_502)
FN:7023,(anonymous_503)
FN:7042,isAsyncPlaceholder
FN:7048,getFirstComponentChild
FN:7064,initEvents
FN:7077,add
FN:7081,remove$1
FN:7085,createOnceHandler
FN:7087,onceHandler
FN:7096,updateComponentListeners
FN:7102,eventsMixin
FN:7105,(anonymous_513)
FN:7124,(anonymous_514)
FN:7127,on
FN:7137,(anonymous_516)
FN:7182,(anonymous_517)
FN:7214,setActiveInstance
FN:7217,(anonymous_519)
FN:7222,initLifecycle
FN:7247,lifecycleMixin
FN:7248,(anonymous_522)
FN:7284,(anonymous_523)
FN:7292,(anonymous_524)
FN:7346,mountComponent
FN:7386,(anonymous_526)
FN:7395,before
FN:7414,updateChildComponent
FN:7481,isInInactiveTree
FN:7491,activateChildComponent
FN:7513,deactivateChildComponent
FN:7533,callHook
FN:7566,resetSchedulerState
FN:7599,(anonymous_534)
FN:7609,flushSchedulerQueue
FN:7621,(anonymous_536)
FN:7662,callUpdatedHooks
FN:7680,queueActivatedComponent
FN:7687,callActivatedHooks
FN:7702,queueWatcher
FN:7745,Watcher
FN:7795,get
FN:7826,addDep
FN:7843,cleanupDeps
FN:7869,update
FN:7885,run
FN:7915,evaluate
FN:7924,depend
FN:7936,teardown
FN:7964,proxy
FN:7965,proxyGetter
FN:7969,proxySetter
FN:7976,initState
FN:8005,initProps
FN:8017,(anonymous_555)
FN:8029,(anonymous_556)
FN:8049,initData
FN:8086,getData
FN:8104,initComputed
FN:8138,defineComputed
FN:8150,(anonymous_561)
FN:8158,createComputedGetter
FN:8159,computedGetter
FN:8176,createGetterInvoker
FN:8177,computedGetter
FN:8182,initMethods
FN:8204,initWatch
FN:8218,createWatcher
FN:8231,stateMixin
FN:8237,(anonymous_570)
FN:8243,(anonymous_571)
FN:8248,(anonymous_572)
FN:8252,(anonymous_573)
FN:8262,(anonymous_574)
FN:8281,unwatchFn
FN:8291,initMixin
FN:8292,(anonymous_577)
FN:8349,initInternalComponent
FN:8367,resolveConstructorOptions
FN:8396,resolveModifiedOptions
FN:8414,Vue
FN:8429,initUse
FN:8430,(anonymous_583)
FN:8454,initMixin$1
FN:8455,(anonymous_585)
FN:8463,initExtend
FN:8475,(anonymous_587)
FN:8491,VueComponent
FN:8517,(anonymous_589)
FN:8537,initProps$1
FN:8545,initComputed$1
FN:8555,initAssetRegisters
FN:8559,(anonymous_593)
FN:8560,(anonymous_594)
FN:8590,getComponentName
FN:8594,matches
FN:8608,pruneCache
FN:8626,pruneCacheEntry
FN:8646,created
FN:8650,destroyed
FN:8655,mounted
FN:8657,(anonymous_602)
FN:8658,(anonymous_603)
FN:8662,(anonymous_604)
FN:8663,(anonymous_605)
FN:8668,render
FN:8718,initGlobalAPI
FN:8722,(anonymous_608)
FN:8727,(anonymous_609)
FN:8746,(anonymous_610)
FN:8752,(anonymous_611)
FN:8770,get
FN:8788,(anonymous_613)
FN:8795,(anonymous_614)
FN:8803,(anonymous_615)
FN:8807,(anonymous_616)
FN:8811,(anonymous_617)
FN:8817,genClassForVnode
FN:8839,mergeClassData
FN:8846,renderClass
FN:8856,concat
FN:8860,stringifyClass
FN:8878,stringifyArray
FN:8895,stringifyObject
FN:8922,(anonymous_625)
FN:8926,getTagNamespace
FN:8940,isUnknownElement
FN:8974,query
FN:8991,createElement$1
FN:9006,createElementNS
FN:9010,createTextNode
FN:9014,createComment
FN:9018,insertBefore
FN:9022,removeChild
FN:9026,appendChild
FN:9030,parentNode
FN:9034,nextSibling
FN:9038,tagName
FN:9042,setTextContent
FN:9046,setStyleScope
FN:9069,create
FN:9072,update
FN:9078,destroy
FN:9083,registerRef
FN:9129,sameVnode
FN:9133,sameInputType
FN:9144,createKeyToOldIdx
FN:9159,createPatchFunction
FN:9175,emptyNodeAt
FN:9179,createRmCb
FN:9180,remove$$1
FN:9190,removeNode
FN:9198,isUnknownElement$$1
FN:9199,(anonymous_654)
FN:9206,createElm
FN:9263,createComponent
FN:9292,initComponent
FN:9312,reactivateComponent
FN:9338,insert
FN:9350,createChildren
FN:9364,isPatchable
FN:9372,invokeCreateHooks
FN:9393,setScope
FN:9416,addVnodes
FN:9422,invokeDestroyHook
FN:9443,removeVnodes
FN:9459,removeAndInvokeRemoveHook
FN:9492,updateChildren
FN:9571,checkDuplicateKeys
FN:9588,findIdxInOld
FN:9598,patchVnode
FN:9680,invokeInsertHook
FN:9699,hydrate
FN:9805,assertNodeMatch
FN:9813,patch
FN:9922,unbindDirectives
FN:9927,updateDirectives
FN:9933,_update
FN:9966,(anonymous_679)
FN:9980,(anonymous_680)
FN:9999,normalizeDirectives$1
FN:10025,getRawDirName
FN:10029,callHook$1
FN:10044,updateAttrs
FN:10092,setAttr
FN:10119,baseSetAttr
FN:10150,updateClass
FN:10196,normalizeEvents
FN:10217,createOnceHandler$1
FN:10220,onceHandler
FN:10234,add$1
FN:10245,(anonymous_692)
FN:10268,remove$2
FN:10272,updateDOMListeners
FN:10293,updateDOMProps
FN:10372,shouldUpdateValue
FN:10376,isNotInFocusAndDirty
FN:10389,isDirtyWithModifiers
FN:10412,(anonymous_699)
FN:10416,(anonymous_700)
FN:10425,normalizeStyleData
FN:10433,normalizeStyleBinding
FN:10450,getStyle
FN:10486,(anonymous_704)
FN:10510,(anonymous_705)
FN:10529,updateStyle
FN:10578,addClass
FN:10588,(anonymous_708)
FN:10608,removeClass
FN:10618,(anonymous_710)
FN:10648,resolveTransition
FN:10669,(anonymous_712)
FN:10708,nextFrame
FN:10709,(anonymous_714)
FN:10714,addTransitionClass
FN:10723,removeTransitionClass
FN:10731,whenTransitionEnds
FN:10744,(anonymous_718)
FN:10749,(anonymous_719)
FN:10757,(anonymous_720)
FN:10767,getTransitionInfo
FN:10808,getTimeout
FN:10814,(anonymous_723)
FN:10823,toMs
FN:10829,enter
FN:10900,(anonymous_726)
FN:10921,(anonymous_727)
FN:10939,(anonymous_728)
FN:10966,leave
FN:11006,(anonymous_730)
FN:11036,performLeave
FN:11052,(anonymous_732)
FN:11078,checkDuration
FN:11086,isValidDuration
FN:11097,getHookArgumentsLength
FN:11112,_enter
FN:11121,remove$$1
FN:11159,inserted
FN:11163,(anonymous_739)
FN:11190,componentUpdated
FN:11200,(anonymous_741)
FN:11205,(anonymous_742)
FN:11217,setSelected
FN:11228,actuallySetSelected
FN:11264,hasNoMatchingOption
FN:11265,(anonymous_746)
FN:11270,getValue
FN:11274,onCompositionStart
FN:11278,onCompositionEnd
FN:11288,trigger
FN:11297,locateNode
FN:11302,bind
FN:11310,(anonymous_753)
FN:11317,update
FN:11333,(anonymous_755)
FN:11337,(anonymous_756)
FN:11345,unbind
FN:11376,getRealChild
FN:11386,extractTransitionData
FN:11405,placeholder
FN:11413,hasParentTransition
FN:11421,isSameChild
FN:11425,(anonymous_763)
FN:11429,(anonymous_764)
FN:11437,render
FN:11507,(anonymous_766)
FN:11519,(anonymous_767)
FN:11525,(anonymous_768)
FN:11543,beforeMount
FN:11547,(anonymous_770)
FN:11559,render
FN:11605,updated
FN:11622,(anonymous_773)
FN:11628,cb
FN:11643,hasMove
FN:11663,(anonymous_776)
FN:11678,callPendingCbs
FN:11691,recordPosition
FN:11695,applyTranslation
FN:11727,(anonymous_780)
FN:11763,(anonymous_781)
FN:11767,(anonymous_782)
FNF:783
FNH:0
FNDA:0,(anonymous_0)
FNDA:0,defaultSetTimout
FNDA:0,defaultClearTimeout
FNDA:0,(anonymous_3)
FNDA:0,runTimeout
FNDA:0,runClearTimeout
FNDA:0,cleanUpNextTick
FNDA:0,drainQueue
FNDA:0,(anonymous_8)
FNDA:0,Item
FNDA:0,(anonymous_10)
FNDA:0,noop
FNDA:0,(anonymous_12)
FNDA:0,(anonymous_13)
FNDA:0,(anonymous_14)
FNDA:0,(anonymous_15)
FNDA:0,(anonymous_16)
FNDA:0,(anonymous_17)
FNDA:0,(anonymous_18)
FNDA:0,(anonymous_19)
FNDA:0,setImmediate
FNDA:0,clearImmediate
FNDA:0,run
FNDA:0,runIfPresent
FNDA:0,installNextTickImplementation
FNDA:0,(anonymous_25)
FNDA:0,(anonymous_26)
FNDA:0,canUsePostMessage
FNDA:0,(anonymous_28)
FNDA:0,installPostMessageImplementation
FNDA:0,(anonymous_30)
FNDA:0,(anonymous_31)
FNDA:0,installMessageChannelImplementation
FNDA:0,(anonymous_33)
FNDA:0,(anonymous_34)
FNDA:0,installReadyStateChangeImplementation
FNDA:0,(anonymous_36)
FNDA:0,(anonymous_37)
FNDA:0,installSetTimeoutImplementation
FNDA:0,(anonymous_39)
FNDA:0,(anonymous_40)
FNDA:0,(anonymous_41)
FNDA:0,(anonymous_42)
FNDA:0,(anonymous_43)
FNDA:0,(anonymous_44)
FNDA:0,Timeout
FNDA:0,(anonymous_46)
FNDA:0,(anonymous_47)
FNDA:0,(anonymous_48)
FNDA:0,(anonymous_49)
FNDA:0,(anonymous_50)
FNDA:0,onTimeout
FNDA:0,(anonymous_52)
FNDA:0,(anonymous_53)
FNDA:0,normalizeComponent
FNDA:0,(anonymous_55)
FNDA:0,(anonymous_56)
FNDA:0,renderWithStyleInjection
FNDA:0,(anonymous_58)
FNDA:0,assert
FNDA:0,warn
FNDA:0,isError
FNDA:0,isExtendedError
FNDA:0,extend
FNDA:0,render
FNDA:0,(anonymous_65)
FNDA:0,(anonymous_66)
FNDA:0,(anonymous_67)
FNDA:0,resolveProps
FNDA:0,(anonymous_69)
FNDA:0,(anonymous_70)
FNDA:0,resolveQuery
FNDA:0,parseQuery
FNDA:0,(anonymous_73)
FNDA:0,stringifyQuery
FNDA:0,(anonymous_75)
FNDA:0,(anonymous_76)
FNDA:0,(anonymous_77)
FNDA:0,createRoute
FNDA:0,clone
FNDA:0,formatMatch
FNDA:0,getFullPath
FNDA:0,isSameRoute
FNDA:0,isObjectEqual
FNDA:0,(anonymous_84)
FNDA:0,isIncludedRoute
FNDA:0,queryIncludes
FNDA:0,resolvePath
FNDA:0,parsePath
FNDA:0,cleanPath
FNDA:0,(anonymous_90)
FNDA:0,parse
FNDA:0,compile
FNDA:0,encodeURIComponentPretty
FNDA:0,(anonymous_94)
FNDA:0,encodeAsterisk
FNDA:0,(anonymous_96)
FNDA:0,tokensToFunction
FNDA:0,(anonymous_98)
FNDA:0,escapeString
FNDA:0,escapeGroup
FNDA:0,attachKeys
FNDA:0,flags
FNDA:0,regexpToRegexp
FNDA:0,arrayToRegexp
FNDA:0,stringToRegexp
FNDA:0,tokensToRegExp
FNDA:0,pathToRegexp
FNDA:0,fillParams
FNDA:0,normalizeLocation
FNDA:0,(anonymous_110)
FNDA:0,render
FNDA:0,(anonymous_112)
FNDA:0,(anonymous_113)
FNDA:0,guardEvent
FNDA:0,findAnchor
FNDA:0,install
FNDA:0,(anonymous_117)
FNDA:0,(anonymous_118)
FNDA:0,beforeCreate
FNDA:0,destroyed
FNDA:0,get
FNDA:0,get
FNDA:0,createRouteMap
FNDA:0,(anonymous_124)
FNDA:0,addRouteRecord
FNDA:0,(anonymous_126)
FNDA:0,(anonymous_127)
FNDA:0,compileRouteRegex
FNDA:0,(anonymous_129)
FNDA:0,normalizePath
FNDA:0,createMatcher
FNDA:0,addRoutes
FNDA:0,match
FNDA:0,(anonymous_134)
FNDA:0,(anonymous_135)
FNDA:0,redirect
FNDA:0,alias
FNDA:0,_createRoute
FNDA:0,matchRoute
FNDA:0,resolveRecordPath
FNDA:0,setupScroll
FNDA:0,(anonymous_142)
FNDA:0,handleScroll
FNDA:0,(anonymous_144)
FNDA:0,(anonymous_145)
FNDA:0,(anonymous_146)
FNDA:0,saveScrollPosition
FNDA:0,getScrollPosition
FNDA:0,getElementPosition
FNDA:0,isValidPosition
FNDA:0,normalizePosition
FNDA:0,normalizeOffset
FNDA:0,isNumber
FNDA:0,scrollToPosition
FNDA:0,(anonymous_155)
FNDA:0,genKey
FNDA:0,getStateKey
FNDA:0,setStateKey
FNDA:0,pushState
FNDA:0,replaceState
FNDA:0,runQueue
FNDA:0,(anonymous_162)
FNDA:0,(anonymous_163)
FNDA:0,resolveAsyncComponents
FNDA:0,(anonymous_165)
FNDA:0,(anonymous_166)
FNDA:0,(anonymous_167)
FNDA:0,(anonymous_168)
FNDA:0,flatMapComponents
FNDA:0,(anonymous_170)
FNDA:0,(anonymous_171)
FNDA:0,flatten
FNDA:0,isESModule
FNDA:0,once
FNDA:0,(anonymous_175)
FNDA:0,(anonymous_176)
FNDA:0,NavigationDuplicated
FNDA:0,History
FNDA:0,listen
FNDA:0,onReady
FNDA:0,onError
FNDA:0,transitionTo
FNDA:0,(anonymous_183)
FNDA:0,(anonymous_184)
FNDA:0,(anonymous_185)
FNDA:0,(anonymous_186)
FNDA:0,confirmTransition
FNDA:0,(anonymous_188)
FNDA:0,(anonymous_189)
FNDA:0,(anonymous_190)
FNDA:0,(anonymous_191)
FNDA:0,(anonymous_192)
FNDA:0,(anonymous_193)
FNDA:0,(anonymous_194)
FNDA:0,(anonymous_195)
FNDA:0,(anonymous_196)
FNDA:0,(anonymous_197)
FNDA:0,updateRoute
FNDA:0,(anonymous_199)
FNDA:0,normalizeBase
FNDA:0,resolveQueue
FNDA:0,extractGuards
FNDA:0,(anonymous_203)
FNDA:0,(anonymous_204)
FNDA:0,extractGuard
FNDA:0,extractLeaveGuards
FNDA:0,extractUpdateHooks
FNDA:0,bindGuard
FNDA:0,boundRouteGuard
FNDA:0,extractEnterGuards
FNDA:0,(anonymous_211)
FNDA:0,bindEnterGuard
FNDA:0,routeEnterGuard
FNDA:0,(anonymous_214)
FNDA:0,(anonymous_215)
FNDA:0,poll
FNDA:0,(anonymous_217)
FNDA:0,(anonymous_218)
FNDA:0,HTML5History
FNDA:0,(anonymous_220)
FNDA:0,(anonymous_221)
FNDA:0,go
FNDA:0,push
FNDA:0,(anonymous_224)
FNDA:0,replace
FNDA:0,(anonymous_226)
FNDA:0,ensureURL
FNDA:0,getCurrentLocation
FNDA:0,getLocation
FNDA:0,(anonymous_230)
FNDA:0,HashHistory
FNDA:0,setupListeners
FNDA:0,(anonymous_233)
FNDA:0,(anonymous_234)
FNDA:0,push
FNDA:0,(anonymous_236)
FNDA:0,replace
FNDA:0,(anonymous_238)
FNDA:0,go
FNDA:0,ensureURL
FNDA:0,getCurrentLocation
FNDA:0,checkFallback
FNDA:0,ensureSlash
FNDA:0,getHash
FNDA:0,getUrl
FNDA:0,pushHash
FNDA:0,replaceHash
FNDA:0,(anonymous_248)
FNDA:0,AbstractHistory
FNDA:0,push
FNDA:0,(anonymous_251)
FNDA:0,replace
FNDA:0,(anonymous_253)
FNDA:0,go
FNDA:0,(anonymous_255)
FNDA:0,(anonymous_256)
FNDA:0,getCurrentLocation
FNDA:0,ensureURL
FNDA:0,VueRouter
FNDA:0,match
FNDA:0,(anonymous_261)
FNDA:0,init
FNDA:0,(anonymous_263)
FNDA:0,(anonymous_264)
FNDA:0,(anonymous_265)
FNDA:0,(anonymous_266)
FNDA:0,beforeEach
FNDA:0,beforeResolve
FNDA:0,afterEach
FNDA:0,onReady
FNDA:0,onError
FNDA:0,push
FNDA:0,(anonymous_273)
FNDA:0,replace
FNDA:0,(anonymous_275)
FNDA:0,go
FNDA:0,back
FNDA:0,forward
FNDA:0,getMatchedComponents
FNDA:0,(anonymous_280)
FNDA:0,(anonymous_281)
FNDA:0,resolve
FNDA:0,addRoutes
FNDA:0,registerHook
FNDA:0,(anonymous_285)
FNDA:0,createHref
FNDA:0,(anonymous_287)
FNDA:0,(anonymous_288)
FNDA:0,isUndef
FNDA:0,isDef
FNDA:0,isTrue
FNDA:0,isFalse
FNDA:0,isPrimitive
FNDA:0,isObject
FNDA:0,toRawType
FNDA:0,isPlainObject
FNDA:0,isRegExp
FNDA:0,isValidArrayIndex
FNDA:0,isPromise
FNDA:0,toString
FNDA:0,toNumber
FNDA:0,makeMap
FNDA:0,(anonymous_303)
FNDA:0,(anonymous_304)
FNDA:0,remove
FNDA:0,hasOwn
FNDA:0,cached
FNDA:0,cachedFn
FNDA:0,(anonymous_309)
FNDA:0,(anonymous_310)
FNDA:0,(anonymous_311)
FNDA:0,(anonymous_312)
FNDA:0,nativeBind
FNDA:0,toArray
FNDA:0,extend
FNDA:0,toObject
FNDA:0,noop
FNDA:0,(anonymous_318)
FNDA:0,(anonymous_319)
FNDA:0,looseEqual
FNDA:0,(anonymous_321)
FNDA:0,(anonymous_322)
FNDA:0,looseIndexOf
FNDA:0,once
FNDA:0,(anonymous_325)
FNDA:0,isReserved
FNDA:0,def
FNDA:0,parsePath
FNDA:0,(anonymous_329)
FNDA:0,get
FNDA:0,(anonymous_331)
FNDA:0,(anonymous_332)
FNDA:0,Set
FNDA:0,has
FNDA:0,add
FNDA:0,clear
FNDA:0,(anonymous_337)
FNDA:0,(anonymous_338)
FNDA:0,(anonymous_339)
FNDA:0,(anonymous_340)
FNDA:0,(anonymous_341)
FNDA:0,(anonymous_342)
FNDA:0,(anonymous_343)
FNDA:0,(anonymous_344)
FNDA:0,Dep
FNDA:0,addSub
FNDA:0,removeSub
FNDA:0,depend
FNDA:0,notify
FNDA:0,(anonymous_350)
FNDA:0,pushTarget
FNDA:0,popTarget
FNDA:0,VNode
FNDA:0,(anonymous_354)
FNDA:0,createTextVNode
FNDA:0,cloneVNode
FNDA:0,(anonymous_357)
FNDA:0,mutator
FNDA:0,toggleObserving
FNDA:0,Observer
FNDA:0,walk
FNDA:0,observeArray
FNDA:0,protoAugment
FNDA:0,observe
FNDA:0,defineReactive$$1
FNDA:0,reactiveGetter
FNDA:0,reactiveSetter
FNDA:0,set
FNDA:0,del
FNDA:0,dependArray
FNDA:0,(anonymous_371)
FNDA:0,mergeData
FNDA:0,mergeDataOrFn
FNDA:0,mergedDataFn
FNDA:0,mergedInstanceDataFn
FNDA:0,(anonymous_376)
FNDA:0,mergeHook
FNDA:0,dedupeHooks
FNDA:0,(anonymous_379)
FNDA:0,mergeAssets
FNDA:0,(anonymous_381)
FNDA:0,(anonymous_382)
FNDA:0,(anonymous_383)
FNDA:0,(anonymous_384)
FNDA:0,checkComponents
FNDA:0,validateComponentName
FNDA:0,normalizeProps
FNDA:0,normalizeInject
FNDA:0,normalizeDirectives
FNDA:0,assertObjectType
FNDA:0,mergeOptions
FNDA:0,mergeField
FNDA:0,resolveAsset
FNDA:0,validateProp
FNDA:0,getPropDefaultValue
FNDA:0,assertProp
FNDA:0,assertType
FNDA:0,getType
FNDA:0,isSameType
FNDA:0,getTypeIndex
FNDA:0,getInvalidTypeMessage
FNDA:0,styleValue
FNDA:0,isExplicable
FNDA:0,(anonymous_404)
FNDA:0,isBoolean
FNDA:0,(anonymous_406)
FNDA:0,handleError
FNDA:0,invokeWithErrorHandling
FNDA:0,(anonymous_409)
FNDA:0,globalHandleError
FNDA:0,logError
FNDA:0,flushCallbacks
FNDA:0,nextTick
FNDA:0,(anonymous_414)
FNDA:0,(anonymous_415)
FNDA:0,(anonymous_416)
FNDA:0,(anonymous_417)
FNDA:0,set
FNDA:0,has
FNDA:0,get
FNDA:0,initProxy
FNDA:0,traverse
FNDA:0,_traverse
FNDA:0,(anonymous_424)
FNDA:0,createFnInvoker
FNDA:0,invoker
FNDA:0,updateListeners
FNDA:0,mergeVNodeHook
FNDA:0,wrappedHook
FNDA:0,extractPropsFromVNodeData
FNDA:0,checkProp
FNDA:0,simpleNormalizeChildren
FNDA:0,normalizeChildren
FNDA:0,isTextNode
FNDA:0,normalizeArrayChildren
FNDA:0,initProvide
FNDA:0,initInjections
FNDA:0,(anonymous_438)
FNDA:0,(anonymous_439)
FNDA:0,resolveInject
FNDA:0,resolveSlots
FNDA:0,isWhitespace
FNDA:0,normalizeScopedSlots
FNDA:0,normalizeScopedSlot
FNDA:0,(anonymous_445)
FNDA:0,proxyNormalSlot
FNDA:0,(anonymous_447)
FNDA:0,renderList
FNDA:0,renderSlot
FNDA:0,resolveFilter
FNDA:0,isKeyNotMatch
FNDA:0,checkKeyCodes
FNDA:0,bindObjectProps
FNDA:0,(anonymous_454)
FNDA:0,(anonymous_455)
FNDA:0,renderStatic
FNDA:0,markOnce
FNDA:0,markStatic
FNDA:0,markStaticNode
FNDA:0,bindObjectListeners
FNDA:0,resolveScopedSlots
FNDA:0,bindDynamicKeys
FNDA:0,prependModifier
FNDA:0,installRenderHelpers
FNDA:0,FunctionalRenderContext
FNDA:0,(anonymous_466)
FNDA:0,get
FNDA:0,(anonymous_468)
FNDA:0,(anonymous_469)
FNDA:0,createFunctionalComponent
FNDA:0,cloneAndMarkFunctionalResult
FNDA:0,mergeProps
FNDA:0,init
FNDA:0,prepatch
FNDA:0,insert
FNDA:0,destroy
FNDA:0,createComponent
FNDA:0,createComponentInstanceForVnode
FNDA:0,installComponentHooks
FNDA:0,mergeHook$1
FNDA:0,(anonymous_481)
FNDA:0,transformModel
FNDA:0,createElement
FNDA:0,_createElement
FNDA:0,applyNS
FNDA:0,registerDeepBindings
FNDA:0,initRender
FNDA:0,(anonymous_488)
FNDA:0,(anonymous_489)
FNDA:0,(anonymous_490)
FNDA:0,(anonymous_491)
FNDA:0,renderMixin
FNDA:0,(anonymous_493)
FNDA:0,(anonymous_494)
FNDA:0,ensureCtor
FNDA:0,createAsyncPlaceholder
FNDA:0,resolveAsyncComponent
FNDA:0,(anonymous_498)
FNDA:0,(anonymous_499)
FNDA:0,(anonymous_500)
FNDA:0,(anonymous_501)
FNDA:0,(anonymous_502)
FNDA:0,(anonymous_503)
FNDA:0,isAsyncPlaceholder
FNDA:0,getFirstComponentChild
FNDA:0,initEvents
FNDA:0,add
FNDA:0,remove$1
FNDA:0,createOnceHandler
FNDA:0,onceHandler
FNDA:0,updateComponentListeners
FNDA:0,eventsMixin
FNDA:0,(anonymous_513)
FNDA:0,(anonymous_514)
FNDA:0,on
FNDA:0,(anonymous_516)
FNDA:0,(anonymous_517)
FNDA:0,setActiveInstance
FNDA:0,(anonymous_519)
FNDA:0,initLifecycle
FNDA:0,lifecycleMixin
FNDA:0,(anonymous_522)
FNDA:0,(anonymous_523)
FNDA:0,(anonymous_524)
FNDA:0,mountComponent
FNDA:0,(anonymous_526)
FNDA:0,before
FNDA:0,updateChildComponent
FNDA:0,isInInactiveTree
FNDA:0,activateChildComponent
FNDA:0,deactivateChildComponent
FNDA:0,callHook
FNDA:0,resetSchedulerState
FNDA:0,(anonymous_534)
FNDA:0,flushSchedulerQueue
FNDA:0,(anonymous_536)
FNDA:0,callUpdatedHooks
FNDA:0,queueActivatedComponent
FNDA:0,callActivatedHooks
FNDA:0,queueWatcher
FNDA:0,Watcher
FNDA:0,get
FNDA:0,addDep
FNDA:0,cleanupDeps
FNDA:0,update
FNDA:0,run
FNDA:0,evaluate
FNDA:0,depend
FNDA:0,teardown
FNDA:0,proxy
FNDA:0,proxyGetter
FNDA:0,proxySetter
FNDA:0,initState
FNDA:0,initProps
FNDA:0,(anonymous_555)
FNDA:0,(anonymous_556)
FNDA:0,initData
FNDA:0,getData
FNDA:0,initComputed
FNDA:0,defineComputed
FNDA:0,(anonymous_561)
FNDA:0,createComputedGetter
FNDA:0,computedGetter
FNDA:0,createGetterInvoker
FNDA:0,computedGetter
FNDA:0,initMethods
FNDA:0,initWatch
FNDA:0,createWatcher
FNDA:0,stateMixin
FNDA:0,(anonymous_570)
FNDA:0,(anonymous_571)
FNDA:0,(anonymous_572)
FNDA:0,(anonymous_573)
FNDA:0,(anonymous_574)
FNDA:0,unwatchFn
FNDA:0,initMixin
FNDA:0,(anonymous_577)
FNDA:0,initInternalComponent
FNDA:0,resolveConstructorOptions
FNDA:0,resolveModifiedOptions
FNDA:0,Vue
FNDA:0,initUse
FNDA:0,(anonymous_583)
FNDA:0,initMixin$1
FNDA:0,(anonymous_585)
FNDA:0,initExtend
FNDA:0,(anonymous_587)
FNDA:0,VueComponent
FNDA:0,(anonymous_589)
FNDA:0,initProps$1
FNDA:0,initComputed$1
FNDA:0,initAssetRegisters
FNDA:0,(anonymous_593)
FNDA:0,(anonymous_594)
FNDA:0,getComponentName
FNDA:0,matches
FNDA:0,pruneCache
FNDA:0,pruneCacheEntry
FNDA:0,created
FNDA:0,destroyed
FNDA:0,mounted
FNDA:0,(anonymous_602)
FNDA:0,(anonymous_603)
FNDA:0,(anonymous_604)
FNDA:0,(anonymous_605)
FNDA:0,render
FNDA:0,initGlobalAPI
FNDA:0,(anonymous_608)
FNDA:0,(anonymous_609)
FNDA:0,(anonymous_610)
FNDA:0,(anonymous_611)
FNDA:0,get
FNDA:0,(anonymous_613)
FNDA:0,(anonymous_614)
FNDA:0,(anonymous_615)
FNDA:0,(anonymous_616)
FNDA:0,(anonymous_617)
FNDA:0,genClassForVnode
FNDA:0,mergeClassData
FNDA:0,renderClass
FNDA:0,concat
FNDA:0,stringifyClass
FNDA:0,stringifyArray
FNDA:0,stringifyObject
FNDA:0,(anonymous_625)
FNDA:0,getTagNamespace
FNDA:0,isUnknownElement
FNDA:0,query
FNDA:0,createElement$1
FNDA:0,createElementNS
FNDA:0,createTextNode
FNDA:0,createComment
FNDA:0,insertBefore
FNDA:0,removeChild
FNDA:0,appendChild
FNDA:0,parentNode
FNDA:0,nextSibling
FNDA:0,tagName
FNDA:0,setTextContent
FNDA:0,setStyleScope
FNDA:0,create
FNDA:0,update
FNDA:0,destroy
FNDA:0,registerRef
FNDA:0,sameVnode
FNDA:0,sameInputType
FNDA:0,createKeyToOldIdx
FNDA:0,createPatchFunction
FNDA:0,emptyNodeAt
FNDA:0,createRmCb
FNDA:0,remove$$1
FNDA:0,removeNode
FNDA:0,isUnknownElement$$1
FNDA:0,(anonymous_654)
FNDA:0,createElm
FNDA:0,createComponent
FNDA:0,initComponent
FNDA:0,reactivateComponent
FNDA:0,insert
FNDA:0,createChildren
FNDA:0,isPatchable
FNDA:0,invokeCreateHooks
FNDA:0,setScope
FNDA:0,addVnodes
FNDA:0,invokeDestroyHook
FNDA:0,removeVnodes
FNDA:0,removeAndInvokeRemoveHook
FNDA:0,updateChildren
FNDA:0,checkDuplicateKeys
FNDA:0,findIdxInOld
FNDA:0,patchVnode
FNDA:0,invokeInsertHook
FNDA:0,hydrate
FNDA:0,assertNodeMatch
FNDA:0,patch
FNDA:0,unbindDirectives
FNDA:0,updateDirectives
FNDA:0,_update
FNDA:0,(anonymous_679)
FNDA:0,(anonymous_680)
FNDA:0,normalizeDirectives$1
FNDA:0,getRawDirName
FNDA:0,callHook$1
FNDA:0,updateAttrs
FNDA:0,setAttr
FNDA:0,baseSetAttr
FNDA:0,updateClass
FNDA:0,normalizeEvents
FNDA:0,createOnceHandler$1
FNDA:0,onceHandler
FNDA:0,add$1
FNDA:0,(anonymous_692)
FNDA:0,remove$2
FNDA:0,updateDOMListeners
FNDA:0,updateDOMProps
FNDA:0,shouldUpdateValue
FNDA:0,isNotInFocusAndDirty
FNDA:0,isDirtyWithModifiers
FNDA:0,(anonymous_699)
FNDA:0,(anonymous_700)
FNDA:0,normalizeStyleData
FNDA:0,normalizeStyleBinding
FNDA:0,getStyle
FNDA:0,(anonymous_704)
FNDA:0,(anonymous_705)
FNDA:0,updateStyle
FNDA:0,addClass
FNDA:0,(anonymous_708)
FNDA:0,removeClass
FNDA:0,(anonymous_710)
FNDA:0,resolveTransition
FNDA:0,(anonymous_712)
FNDA:0,nextFrame
FNDA:0,(anonymous_714)
FNDA:0,addTransitionClass
FNDA:0,removeTransitionClass
FNDA:0,whenTransitionEnds
FNDA:0,(anonymous_718)
FNDA:0,(anonymous_719)
FNDA:0,(anonymous_720)
FNDA:0,getTransitionInfo
FNDA:0,getTimeout
FNDA:0,(anonymous_723)
FNDA:0,toMs
FNDA:0,enter
FNDA:0,(anonymous_726)
FNDA:0,(anonymous_727)
FNDA:0,(anonymous_728)
FNDA:0,leave
FNDA:0,(anonymous_730)
FNDA:0,performLeave
FNDA:0,(anonymous_732)
FNDA:0,checkDuration
FNDA:0,isValidDuration
FNDA:0,getHookArgumentsLength
FNDA:0,_enter
FNDA:0,remove$$1
FNDA:0,inserted
FNDA:0,(anonymous_739)
FNDA:0,componentUpdated
FNDA:0,(anonymous_741)
FNDA:0,(anonymous_742)
FNDA:0,setSelected
FNDA:0,actuallySetSelected
FNDA:0,hasNoMatchingOption
FNDA:0,(anonymous_746)
FNDA:0,getValue
FNDA:0,onCompositionStart
FNDA:0,onCompositionEnd
FNDA:0,trigger
FNDA:0,locateNode
FNDA:0,bind
FNDA:0,(anonymous_753)
FNDA:0,update
FNDA:0,(anonymous_755)
FNDA:0,(anonymous_756)
FNDA:0,unbind
FNDA:0,getRealChild
FNDA:0,extractTransitionData
FNDA:0,placeholder
FNDA:0,hasParentTransition
FNDA:0,isSameChild
FNDA:0,(anonymous_763)
FNDA:0,(anonymous_764)
FNDA:0,render
FNDA:0,(anonymous_766)
FNDA:0,(anonymous_767)
FNDA:0,(anonymous_768)
FNDA:0,beforeMount
FNDA:0,(anonymous_770)
FNDA:0,render
FNDA:0,updated
FNDA:0,(anonymous_773)
FNDA:0,cb
FNDA:0,hasMove
FNDA:0,(anonymous_776)
FNDA:0,callPendingCbs
FNDA:0,recordPosition
FNDA:0,applyTranslation
FNDA:0,(anonymous_780)
FNDA:0,(anonymous_781)
FNDA:0,(anonymous_782)
DA:1,0
DA:11,0
DA:20,0
DA:24,0
DA:27,0
DA:28,0
DA:29,0
DA:30,0
DA:32,0
DA:35,0
DA:38,0
DA:39,0
DA:40,0
DA:42,0
DA:45,0
DA:50,0
DA:52,0
DA:56,0
DA:57,0
DA:58,0
DA:61,0
DA:63,0
DA:65,0
DA:67,0
DA:70,0
DA:76,0
DA:78,0
DA:82,0
DA:83,0
DA:84,0
DA:87,0
DA:89,0
DA:91,0
DA:93,0
DA:97,0
DA:102,0
DA:103,0
DA:105,0
DA:108,0
DA:109,0
DA:112,0
DA:114,0
DA:115,0
DA:117,0
DA:120,0
DA:121,0
DA:126,0
DA:127,0
DA:130,0
DA:131,0
DA:132,0
DA:134,0
DA:135,0
DA:136,0
DA:138,0
DA:139,0
DA:140,0
DA:144,0
DA:145,0
DA:148,0
DA:149,0
DA:150,0
DA:153,0
DA:154,0
DA:156,0
DA:157,0
DA:158,0
DA:162,0
DA:164,0
DA:165,0
DA:171,0
DA:172,0
DA:175,0
DA:176,0
DA:179,0
DA:180,0
DA:181,0
DA:182,0
DA:183,0
DA:185,0
DA:189,0
DA:190,0
DA:191,0
DA:192,0
DA:193,0
DA:194,0
DA:195,0
DA:196,0
DA:197,0
DA:199,0
DA:200,0
DA:203,0
DA:204,0
DA:207,0
DA:208,0
DA:211,0
DA:212,0
DA:215,0
DA:216,0
DA:228,0
DA:231,0
DA:232,0
DA:235,0
DA:237,0
DA:238,0
DA:239,0
DA:244,0
DA:245,0
DA:249,0
DA:251,0
DA:252,0
DA:256,0
DA:260,0
DA:261,0
DA:262,0
DA:266,0
DA:270,0
DA:271,0
DA:273,0
DA:275,0
DA:276,0
DA:279,0
DA:280,0
DA:283,0
DA:284,0
DA:287,0
DA:288,0
DA:291,0
DA:292,0
DA:299,0
DA:302,0
DA:304,0
DA:306,0
DA:307,0
DA:309,0
DA:310,0
DA:312,0
DA:313,0
DA:320,0
DA:321,0
DA:322,0
DA:330,0
DA:331,0
DA:332,0
DA:334,0
DA:335,0
DA:338,0
DA:339,0
DA:340,0
DA:348,0
DA:350,0
DA:351,0
DA:352,0
DA:356,0
DA:357,0
DA:359,0
DA:362,0
DA:363,0
DA:368,0
DA:370,0
DA:371,0
DA:372,0
DA:375,0
DA:376,0
DA:381,0
DA:383,0
DA:386,0
DA:388,0
DA:389,0
DA:390,0
DA:391,0
DA:392,0
DA:395,0
DA:400,0
DA:401,0
DA:406,0
DA:407,0
DA:409,0
DA:411,0
DA:412,0
DA:414,0
DA:415,0
DA:417,0
DA:418,0
DA:420,0
DA:423,0
DA:426,0
DA:427,0
DA:440,0
DA:441,0
DA:443,0
DA:444,0
DA:447,0
DA:448,0
DA:451,0
DA:452,0
DA:453,0
DA:458,0
DA:459,0
DA:462,0
DA:464,0
DA:465,0
DA:469,0
DA:470,0
DA:471,0
DA:474,0
DA:475,0
DA:476,0
DA:479,0
DA:480,0
DA:481,0
DA:483,0
DA:484,0
DA:485,0
DA:491,0
DA:496,0
DA:497,0
DA:510,0
DA:511,0
DA:529,0
DA:534,0
DA:535,0
DA:536,0
DA:537,0
DA:541,0
DA:542,0
DA:546,0
DA:547,0
DA:551,0
DA:552,0
DA:554,0
DA:559,0
DA:560,0
DA:563,0
DA:564,0
DA:567,0
DA:568,0
DA:573,0
DA:574,0
DA:575,0
DA:576,0
DA:580,0
DA:581,0
DA:584,0
DA:586,0
DA:587,0
DA:588,0
DA:589,0
DA:593,0
DA:594,0
DA:600,0
DA:617,0
DA:626,0
DA:627,0
DA:632,0
DA:633,0
DA:638,0
DA:642,0
DA:647,0
DA:648,0
DA:651,0
DA:654,0
DA:664,0
DA:665,0
DA:666,0
DA:667,0
DA:669,0
DA:672,0
DA:673,0
DA:674,0
DA:675,0
DA:678,0
DA:679,0
DA:681,0
DA:682,0
DA:684,0
DA:685,0
DA:686,0
DA:689,0
DA:690,0
DA:694,0
DA:697,0
DA:699,0
DA:700,0
DA:703,0
DA:705,0
DA:706,0
DA:707,0
DA:710,0
DA:713,0
DA:715,0
DA:717,0
DA:718,0
DA:724,0
DA:725,0
DA:730,0
DA:731,0
DA:732,0
DA:737,0
DA:739,0
DA:741,0
DA:743,0
DA:745,0
DA:746,0
DA:747,0
DA:748,0
DA:753,0
DA:758,0
DA:760,0
DA:763,0
DA:766,0
DA:769,0
DA:772,0
DA:773,0
DA:781,0
DA:783,0
DA:784,0
DA:787,0
DA:791,0
DA:792,0
DA:795,0
DA:798,0
DA:799,0
DA:802,0
DA:803,0
DA:805,0
DA:806,0
DA:809,0
DA:810,0
DA:813,0
DA:817,0
DA:818,0
DA:820,0
DA:821,0
DA:824,0
DA:825,0
DA:826,0
DA:827,0
DA:829,0
DA:830,0
DA:831,0
DA:832,0
DA:834,0
DA:837,0
DA:841,0
DA:842,0
DA:844,0
DA:845,0
DA:848,0
DA:849,0
DA:852,0
DA:853,0
DA:854,0
DA:855,0
DA:856,0
DA:859,0
DA:860,0
DA:862,0
DA:865,0
DA:868,0
DA:870,0
DA:872,0
DA:877,0
DA:880,0
DA:881,0
DA:883,0
DA:884,0
DA:887,0
DA:898,0
DA:899,0
DA:902,0
DA:906,0
DA:907,0
DA:908,0
DA:909,0
DA:911,0
DA:912,0
DA:915,0
DA:917,0
DA:922,0
DA:927,0
DA:929,0
DA:930,0
DA:931,0
DA:934,0
DA:938,0
DA:939,0
DA:940,0
DA:941,0
DA:942,0
DA:943,0
DA:944,0
DA:948,0
DA:949,0
DA:950,0
DA:951,0
DA:952,0
DA:953,0
DA:954,0
DA:955,0
DA:957,0
DA:962,0
DA:963,0
DA:965,0
DA:966,0
DA:969,0
DA:970,0
DA:972,0
DA:973,0
DA:976,0
DA:977,0
DA:978,0
DA:980,0
DA:981,0
DA:984,0
DA:989,0
DA:993,0
DA:994,0
DA:995,0
DA:999,0
DA:1005,0
DA:1007,0
DA:1008,0
DA:1011,0
DA:1012,0
DA:1015,0
DA:1019,0
DA:1020,0
DA:1024,0
DA:1026,0
DA:1027,0
DA:1029,0
DA:1030,0
DA:1031,0
DA:1032,0
DA:1037,0
DA:1038,0
DA:1041,0
DA:1045,0
DA:1046,0
DA:1047,0
DA:1049,0
DA:1050,0
DA:1051,0
DA:1054,0
DA:1056,0
DA:1057,0
DA:1058,0
DA:1061,0
DA:1069,0
DA:1072,0
DA:1073,0
DA:1080,0
DA:1081,0
DA:1082,0
DA:1083,0
DA:1084,0
DA:1091,0
DA:1109,0
DA:1110,0
DA:1111,0
DA:1112,0
DA:1113,0
DA:1116,0
DA:1117,0
DA:1118,0
DA:1119,0
DA:1120,0
DA:1121,0
DA:1123,0
DA:1124,0
DA:1125,0
DA:1128,0
DA:1129,0
DA:1130,0
DA:1131,0
DA:1132,0
DA:1133,0
DA:1134,0
DA:1136,0
DA:1137,0
DA:1138,0
DA:1141,0
DA:1142,0
DA:1143,0
DA:1144,0
DA:1145,0
DA:1146,0
DA:1159,0
DA:1160,0
DA:1164,0
DA:1165,0
DA:1168,0
DA:1180,0
DA:1191,0
DA:1192,0
DA:1204,0
DA:1205,0
DA:1215,0
DA:1217,0
DA:1218,0
DA:1219,0
DA:1223,0
DA:1224,0
DA:1225,0
DA:1226,0
DA:1227,0
DA:1229,0
DA:1230,0
DA:1232,0
DA:1233,0
DA:1234,0
DA:1237,0
DA:1240,0
DA:1241,0
DA:1243,0
DA:1244,0
DA:1247,0
DA:1249,0
DA:1253,0
DA:1254,0
DA:1255,0
DA:1258,0
DA:1259,0
DA:1260,0
DA:1262,0
DA:1266,0
DA:1267,0
DA:1269,0
DA:1270,0
DA:1273,0
DA:1276,0
DA:1279,0
DA:1281,0
DA:1282,0
DA:1285,0
DA:1288,0
DA:1300,0
DA:1311,0
DA:1323,0
DA:1324,0
DA:1335,0
DA:1348,0
DA:1350,0
DA:1351,0
DA:1352,0
DA:1365,0
DA:1378,0
DA:1380,0
DA:1381,0
DA:1384,0
DA:1385,0
DA:1398,0
DA:1411,0
DA:1412,0
DA:1415,0
DA:1418,0
DA:1419,0
DA:1420,0
DA:1421,0
DA:1423,0
DA:1424,0
DA:1426,0
DA:1427,0
DA:1429,0
DA:1430,0
DA:1431,0
DA:1433,0
DA:1434,0
DA:1437,0
DA:1438,0
DA:1439,0
DA:1441,0
DA:1444,0
DA:1447,0
DA:1451,0
DA:1452,0
DA:1457,0
DA:1458,0
DA:1461,0
DA:1462,0
DA:1466,0
DA:1469,0
DA:1486,0
DA:1487,0
DA:1490,0
DA:1493,0
DA:1495,0
DA:1496,0
DA:1501,0
DA:1502,0
DA:1509,0
DA:1516,0
DA:1517,0
DA:1518,0
DA:1519,0
DA:1523,0
DA:1526,0
DA:1528,0
DA:1529,0
DA:1531,0
DA:1532,0
DA:1535,0
DA:1539,0
DA:1540,0
DA:1543,0
DA:1546,0
DA:1553,0
DA:1557,0
DA:1558,0
DA:1559,0
DA:1560,0
DA:1564,0
DA:1565,0
DA:1566,0
DA:1567,0
DA:1569,0
DA:1570,0
DA:1571,0
DA:1572,0
DA:1573,0
DA:1574,0
DA:1575,0
DA:1576,0
DA:1579,0
DA:1582,0
DA:1583,0
DA:1584,0
DA:1585,0
DA:1586,0
DA:1588,0
DA:1589,0
DA:1592,0
DA:1603,0
DA:1604,0
DA:1606,0
DA:1608,0
DA:1630,0
DA:1631,0
DA:1632,0
DA:1633,0
DA:1634,0
DA:1635,0
DA:1636,0
DA:1637,0
DA:1638,0
DA:1639,0
DA:1641,0
DA:1642,0
DA:1643,0
DA:1644,0
DA:1645,0
DA:1646,0
DA:1647,0
DA:1649,0
DA:1650,0
DA:1651,0
DA:1652,0
DA:1654,0
DA:1659,0
DA:1663,0
DA:1664,0
DA:1665,0
DA:1668,0
DA:1671,0
DA:1674,0
DA:1682,0
DA:1683,0
DA:1684,0
DA:1685,0
DA:1686,0
DA:1687,0
DA:1690,0
DA:1694,0
DA:1695,0
DA:1696,0
DA:1701,0
DA:1703,0
DA:1705,0
DA:1706,0
DA:1707,0
DA:1708,0
DA:1709,0
DA:1712,0
DA:1716,0
DA:1722,0
DA:1723,0
DA:1727,0
DA:1728,0
DA:1732,0
DA:1733,0
DA:1737,0
DA:1738,0
DA:1740,0
DA:1741,0
DA:1746,0
DA:1747,0
DA:1750,0
DA:1754,0
DA:1757,0
DA:1758,0
DA:1760,0
DA:1761,0
DA:1764,0
DA:1765,0
DA:1774,0
DA:1775,0
DA:1778,0
DA:1779,0
DA:1781,0
DA:1782,0
DA:1785,0
DA:1786,0
DA:1788,0
DA:1789,0
DA:1793,0
DA:1795,0
DA:1796,0
DA:1797,0
DA:1799,0
DA:1801,0
DA:1803,0
DA:1806,0
DA:1809,0
DA:1812,0
DA:1814,0
DA:1817,0
DA:1819,0
DA:1822,0
DA:1823,0
DA:1824,0
DA:1826,0
DA:1831,0
DA:1836,0
DA:1838,0
DA:1840,0
DA:1841,0
DA:1842,0
DA:1845,0
DA:1846,0
DA:1847,0
DA:1848,0
DA:1849,0
DA:1853,0
DA:1861,0
DA:1862,0
DA:1864,0
DA:1865,0
DA:1866,0
DA:1869,0
DA:1870,0
DA:1872,0
DA:1873,0
DA:1876,0
DA:1894,0
DA:1898,0
DA:1899,0
DA:1900,0
DA:1902,0
DA:1906,0
DA:1907,0
DA:1908,0
DA:1912,0
DA:1913,0
DA:1914,0
DA:1917,0
DA:1918,0
DA:1920,0
DA:1921,0
DA:1923,0
DA:1924,0
DA:1926,0
DA:1929,0
DA:1933,0
DA:1938,0
DA:1939,0
DA:1940,0
DA:1941,0
DA:1942,0
DA:1948,0
DA:1950,0
DA:1951,0
DA:1952,0
DA:1953,0
DA:1954,0
DA:1958,0
DA:1962,0
DA:1963,0
DA:1966,0
DA:1967,0
DA:1970,0
DA:1971,0
DA:1974,0
DA:1980,0
DA:1981,0
DA:1982,0
DA:1983,0
DA:1986,0
DA:1990,0
DA:1991,0
DA:1993,0
DA:1994,0
DA:1996,0
DA:1997,0
DA:2000,0
DA:2001,0
DA:2004,0
DA:2005,0
DA:2007,0
DA:2010,0
DA:2011,0
DA:2014,0
DA:2015,0
DA:2016,0
DA:2017,0
DA:2022,0
DA:2023,0
DA:2024,0
DA:2025,0
DA:2027,0
DA:2028,0
DA:2029,0
DA:2031,0
DA:2032,0
DA:2038,0
DA:2042,0
DA:2043,0
DA:2045,0
DA:2046,0
DA:2051,0
DA:2052,0
DA:2053,0
DA:2056,0
DA:2059,0
DA:2060,0
DA:2061,0
DA:2062,0
DA:2063,0
DA:2064,0
DA:2065,0
DA:2066,0
DA:2067,0
DA:2069,0
DA:2071,0
DA:2073,0
DA:2074,0
DA:2077,0
DA:2084,0
DA:2086,0
DA:2088,0
DA:2090,0
DA:2097,0
DA:2098,0
DA:2101,0
DA:2106,0
DA:2107,0
DA:2112,0
DA:2113,0
DA:2114,0
DA:2115,0
DA:2116,0
DA:2119,0
DA:2123,0
DA:2124,0
DA:2127,0
DA:2128,0
DA:2131,0
DA:2134,0
DA:2141,0
DA:2143,0
DA:2144,0
DA:2145,0
DA:2146,0
DA:2149,0
DA:2150,0
DA:2151,0
DA:2153,0
DA:2155,0
DA:2159,0
DA:2163,0
DA:2168,0
DA:2176,0
DA:2177,0
DA:2178,0
DA:2181,0
DA:2182,0
DA:2184,0
DA:2185,0
DA:2191,0
DA:2192,0
DA:2195,0
DA:2197,0
DA:2198,0
DA:2201,0
DA:2202,0
DA:2206,0
DA:2207,0
DA:2208,0
DA:2210,0
DA:2211,0
DA:2214,0
DA:2215,0
DA:2216,0
DA:2218,0
DA:2219,0
DA:2223,0
DA:2229,0
DA:2231,0
DA:2232,0
DA:2240,0
DA:2242,0
DA:2243,0
DA:2248,0
DA:2249,0
DA:2250,0
DA:2251,0
DA:2258,0
DA:2262,0
DA:2269,0
DA:2276,0
DA:2279,0
DA:2282,0
DA:2284,0
DA:2287,0
DA:2291,0
DA:2292,0
DA:2293,0
DA:2294,0
DA:2295,0
DA:2296,0
DA:2298,0
DA:2299,0
DA:2302,0
DA:2303,0
DA:2309,0
DA:2310,0
DA:2312,0
DA:2313,0
DA:2316,0
DA:2320,0
DA:2322,0
DA:2325,0
DA:2329,0
DA:2333,0
DA:2337,0
DA:2340,0
DA:2342,0
DA:2343,0
DA:2344,0
DA:2348,0
DA:2349,0
DA:2354,0
DA:2359,0
DA:2365,0
DA:2366,0
DA:2367,0
DA:2369,0
DA:2370,0
DA:2371,0
DA:2374,0
DA:2379,0
DA:2385,0
DA:2386,0
DA:2387,0
DA:2388,0
DA:2389,0
DA:2395,0
DA:2396,0
DA:2397,0
DA:2398,0
DA:2399,0
DA:2400,0
DA:2404,0
DA:2405,0
DA:2406,0
DA:2408,0
DA:2409,0
DA:2412,0
DA:2413,0
DA:2414,0
DA:2416,0
DA:2417,0
DA:2418,0
DA:2423,0
DA:2424,0
DA:2426,0
DA:2429,0
DA:2430,0
DA:2431,0
DA:2434,0
DA:2436,0
DA:2437,0
DA:2444,0
DA:2445,0
DA:2451,0
DA:2452,0
DA:2453,0
DA:2459,0
DA:2462,0
DA:2465,0
DA:2473,0
DA:2474,0
DA:2475,0
DA:2476,0
DA:2478,0
DA:2480,0
DA:2481,0
DA:2484,0
DA:2485,0
DA:2491,0
DA:2493,0
DA:2494,0
DA:2497,0
DA:2498,0
DA:2499,0
DA:2500,0
DA:2504,0
DA:2507,0
DA:2508,0
DA:2509,0
DA:2511,0
DA:2512,0
DA:2513,0
DA:2514,0
DA:2515,0
DA:2516,0
DA:2519,0
DA:2520,0
DA:2523,0
DA:2524,0
DA:2525,0
DA:2527,0
DA:2529,0
DA:2530,0
DA:2535,0
DA:2536,0
DA:2539,0
DA:2540,0
DA:2541,0
DA:2542,0
DA:2543,0
DA:2544,0
DA:2545,0
DA:2547,0
DA:2548,0
DA:2549,0
DA:2550,0
DA:2554,0
DA:2555,0
DA:2558,0
DA:2559,0
DA:2560,0
DA:2561,0
DA:2567,0
DA:2568,0
DA:2569,0
DA:2571,0
DA:2576,0
DA:2577,0
DA:2578,0
DA:2579,0
DA:2582,0
DA:2583,0
DA:2587,0
DA:2590,0
DA:2592,0
DA:2593,0
DA:2596,0
DA:2597,0
DA:2598,0
DA:2599,0
DA:2600,0
DA:2605,0
DA:2608,0
DA:2610,0
DA:2611,0
DA:2612,0
DA:2615,0
DA:2616,0
DA:2617,0
DA:2619,0
DA:2620,0
DA:2621,0
DA:2623,0
DA:2625,0
DA:2626,0
DA:2628,0
DA:2632,0
DA:2636,0
DA:2640,0
DA:2641,0
DA:2643,0
DA:2644,0
DA:2649,0
DA:2650,0
DA:2651,0
DA:2652,0
DA:2653,0
DA:2656,0
DA:2657,0
DA:2659,0
DA:2660,0
DA:2661,0
DA:2662,0
DA:2670,0
DA:2671,0
DA:2672,0
DA:2673,0
DA:2674,0
DA:2675,0
DA:2680,0
DA:2681,0
DA:2683,0
DA:2684,0
DA:2686,0
DA:2688,0
DA:2693,0
DA:2694,0
DA:2698,0
DA:2703,0
DA:2705,0
DA:2706,0
DA:2707,0
DA:2711,0
DA:2719,0
DA:2720,0
DA:2722,0
DA:2723,0
DA:2724,0
DA:2728,0
DA:2732,0
DA:2734,0
DA:2737,0
DA:2741,0
DA:2745,0
DA:2749,0
DA:2750,0
DA:2751,0
DA:2757,0
DA:2758,0
DA:2763,0
DA:2764,0
DA:2765,0
DA:2766,0
DA:2772,0
DA:2776,0
DA:2783,0
DA:2785,0
DA:2786,0
DA:2787,0
DA:2788,0
DA:2797,0
DA:2799,0
DA:2800,0
DA:2801,0
DA:2802,0
DA:2804,0
DA:2805,0
DA:2808,0
DA:2809,0
DA:2810,0
DA:2813,0
DA:2815,0
DA:2816,0
DA:2819,0
DA:2820,0
DA:2821,0
DA:2827,0
DA:2828,0
DA:2829,0
DA:2831,0
DA:2832,0
DA:2835,0
DA:2836,0
DA:2837,0
DA:2838,0
DA:2839,0
DA:2840,0
DA:2841,0
DA:2842,0
DA:2846,0
DA:2847,0
DA:2848,0
DA:2849,0
DA:2850,0
DA:2851,0
DA:2852,0
DA:2853,0
DA:2857,0
DA:2858,0
DA:2859,0
DA:2860,0
DA:2864,0
DA:2865,0
DA:2868,0
DA:2872,0
DA:2874,0
DA:2875,0
DA:2878,0
DA:2885,0
DA:2887,0
DA:2889,0
DA:2890,0
DA:2893,0
DA:2896,0
DA:2897,0
DA:2898,0
DA:2901,0
DA:2902,0
DA:2903,0
DA:2904,0
DA:2905,0
DA:2907,0
DA:2908,0
DA:2911,0
DA:2912,0
DA:2914,0
DA:2915,0
DA:2918,0
DA:2919,0
DA:2920,0
DA:2923,0
DA:2924,0
DA:2930,0
DA:2931,0
DA:2932,0
DA:2933,0
DA:2934,0
DA:2935,0
DA:2936,0
DA:2937,0
DA:2941,0
DA:2942,0
DA:2943,0
DA:2944,0
DA:2945,0
DA:2946,0
DA:2947,0
DA:2948,0
DA:2952,0
DA:2953,0
DA:2956,0
DA:2957,0
DA:2959,0
DA:2960,0
DA:2964,0
DA:2965,0
DA:2968,0
DA:2972,0
DA:2974,0
DA:2975,0
DA:2976,0
DA:2981,0
DA:2983,0
DA:2984,0
DA:2987,0
DA:2988,0
DA:2994,0
DA:2995,0
DA:2997,0
DA:2998,0
DA:3001,0
DA:3005,0
DA:3007,0
DA:3008,0
DA:3010,0
DA:3011,0
DA:3013,0
DA:3016,0
DA:3017,0
DA:3021,0
DA:3025,0
DA:3026,0
DA:3027,0
DA:3028,0
DA:3032,0
DA:3033,0
DA:3035,0
DA:3040,0
DA:3041,0
DA:3043,0
DA:3051,0
DA:3053,0
DA:3054,0
DA:3055,0
DA:3058,0
DA:3059,0
DA:3060,0
DA:3062,0
DA:3063,0
DA:3064,0
DA:3065,0
DA:3066,0
DA:3067,0
DA:3071,0
DA:3072,0
DA:3073,0
DA:3074,0
DA:3075,0
DA:3079,0
DA:3080,0
DA:3081,0
DA:3083,0
DA:3084,0
DA:3087,0
DA:3088,0
DA:3089,0
DA:3090,0
DA:3092,0
DA:3093,0
DA:3098,0
DA:3099,0
DA:3100,0
DA:3103,0
DA:3106,0
DA:3111,0
DA:3112,0
DA:3113,0
DA:3114,0
DA:3115,0
DA:3116,0
DA:3117,0
DA:3118,0
DA:3119,0
DA:3120,0
DA:3121,0
DA:3123,0
DA:3124,0
DA:3127,0
DA:3128,0
DA:3131,0
DA:3133,0
DA:3135,0
DA:3136,0
DA:3139,0
[...]
BRDA:9351,1384,1,0
BRDA:9352,1385,0,0
BRDA:9352,1385,1,0
BRDA:9359,1386,0,0
BRDA:9359,1386,1,0
BRDA:9379,1387,0,0
BRDA:9379,1387,1,0
BRDA:9380,1388,0,0
BRDA:9380,1388,1,0
BRDA:9384,1389,0,0
BRDA:9384,1389,1,0
BRDA:9396,1390,0,0
BRDA:9396,1390,1,0
BRDA:9402,1391,0,0
BRDA:9402,1391,1,0
BRDA:9402,1392,0,0
BRDA:9402,1392,1,0
BRDA:9411,1393,0,0
BRDA:9411,1393,1,0
BRDA:9411,1394,0,0
BRDA:9411,1394,1,0
BRDA:9411,1394,2,0
BRDA:9411,1394,3,0
BRDA:9426,1395,0,0
BRDA:9426,1395,1,0
BRDA:9427,1396,0,0
BRDA:9427,1396,1,0
BRDA:9427,1397,0,0
BRDA:9427,1397,1,0
BRDA:9436,1398,0,0
BRDA:9436,1398,1,0
BRDA:9447,1399,0,0
BRDA:9447,1399,1,0
BRDA:9448,1400,0,0
BRDA:9448,1400,1,0
BRDA:9460,1401,0,0
BRDA:9460,1401,1,0
BRDA:9460,1402,0,0
BRDA:9460,1402,1,0
BRDA:9464,1403,0,0
BRDA:9464,1403,1,0
BRDA:9474,1404,0,0
BRDA:9474,1404,1,0
BRDA:9474,1405,0,0
BRDA:9474,1405,1,0
BRDA:9474,1405,2,0
BRDA:9482,1406,0,0
BRDA:9482,1406,1,0
BRDA:9482,1407,0,0
BRDA:9482,1407,1,0
BRDA:9507,1408,0,0
BRDA:9507,1408,1,0
BRDA:9511,1409,0,0
BRDA:9511,1409,1,0
BRDA:9512,1410,0,0
BRDA:9512,1410,1,0
BRDA:9514,1411,0,0
BRDA:9514,1411,1,0
BRDA:9516,1412,0,0
BRDA:9516,1412,1,0
BRDA:9520,1413,0,0
BRDA:9520,1413,1,0
BRDA:9524,1414,0,0
BRDA:9524,1414,1,0
BRDA:9527,1415,0,0
BRDA:9527,1415,1,0
BRDA:9530,1416,0,0
BRDA:9530,1416,1,0
BRDA:9533,1417,0,0
BRDA:9533,1417,1,0
BRDA:9537,1418,0,0
BRDA:9537,1418,1,0
BRDA:9541,1419,0,0
BRDA:9541,1419,1,0
BRDA:9543,1420,0,0
BRDA:9543,1420,1,0
BRDA:9549,1421,0,0
BRDA:9549,1421,1,0
BRDA:9552,1422,0,0
BRDA:9552,1422,1,0
BRDA:9563,1423,0,0
BRDA:9563,1423,1,0
BRDA:9564,1424,0,0
BRDA:9564,1424,1,0
BRDA:9566,1425,0,0
BRDA:9566,1425,1,0
BRDA:9578,1426,0,0
BRDA:9578,1426,1,0
BRDA:9579,1427,0,0
BRDA:9579,1427,1,0
BRDA:9592,1428,0,0
BRDA:9592,1428,1,0
BRDA:9592,1429,0,0
BRDA:9592,1429,1,0
BRDA:9599,1430,0,0
BRDA:9599,1430,1,0
BRDA:9603,1431,0,0
BRDA:9603,1431,1,0
BRDA:9603,1432,0,0
BRDA:9603,1432,1,0
BRDA:9610,1433,0,0
BRDA:9610,1433,1,0
BRDA:9611,1434,0,0
BRDA:9611,1434,1,0
BRDA:9624,1435,0,0
BRDA:9624,1435,1,0
BRDA:9624,1436,0,0
BRDA:9624,1436,1,0
BRDA:9624,1436,2,0
BRDA:9624,1436,3,0
BRDA:9624,1436,4,0
BRDA:9632,1437,0,0
BRDA:9632,1437,1,0
BRDA:9632,1438,0,0
BRDA:9632,1438,1,0
BRDA:9632,1438,2,0
BRDA:9639,1439,0,0
BRDA:9639,1439,1,0
BRDA:9639,1440,0,0
BRDA:9639,1440,1,0
BRDA:9644,1441,0,0
BRDA:9644,1441,1,0
BRDA:9644,1442,0,0
BRDA:9644,1442,1,0
BRDA:9649,1443,0,0
BRDA:9649,1443,1,0
BRDA:9650,1444,0,0
BRDA:9650,1444,1,0
BRDA:9650,1445,0,0
BRDA:9650,1445,1,0
BRDA:9651,1446,0,0
BRDA:9651,1446,1,0
BRDA:9654,1447,0,0
BRDA:9654,1447,1,0
BRDA:9655,1448,0,0
BRDA:9655,1448,1,0
BRDA:9659,1449,0,0
BRDA:9659,1449,1,0
BRDA:9664,1450,0,0
BRDA:9664,1450,1,0
BRDA:9666,1451,0,0
BRDA:9666,1451,1,0
BRDA:9669,1452,0,0
BRDA:9669,1452,1,0
BRDA:9673,1453,0,0
BRDA:9673,1453,1,0
BRDA:9674,1454,0,0
BRDA:9674,1454,1,0
BRDA:9674,1455,0,0
BRDA:9674,1455,1,0
BRDA:9683,1456,0,0
BRDA:9683,1456,1,0
BRDA:9683,1457,0,0
BRDA:9683,1457,1,0
BRDA:9704,1458,0,0
BRDA:9704,1458,1,0
BRDA:9704,1458,2,0
BRDA:9707,1459,0,0
BRDA:9707,1459,1,0
BRDA:9707,1460,0,0
BRDA:9707,1460,1,0
BRDA:9713,1461,0,0
BRDA:9713,1461,1,0
BRDA:9714,1462,0,0
BRDA:9714,1462,1,0
BRDA:9719,1463,0,0
BRDA:9719,1463,1,0
BRDA:9720,1464,0,0
BRDA:9720,1464,1,0
BRDA:9720,1465,0,0
BRDA:9720,1465,1,0
BRDA:9726,1466,0,0
BRDA:9726,1466,1,0
BRDA:9733,1467,0,0
BRDA:9733,1467,1,0
BRDA:9734,1468,0,0
BRDA:9734,1468,1,0
BRDA:9736,1469,0,0
BRDA:9736,1469,1,0
BRDA:9740,1470,0,0
BRDA:9740,1470,1,0
BRDA:9740,1471,0,0
BRDA:9740,1471,1,0
BRDA:9740,1471,2,0
BRDA:9741,1472,0,0
BRDA:9741,1472,1,0
BRDA:9743,1473,0,0
BRDA:9743,1474,0,0
BRDA:9743,1474,1,0
BRDA:9743,1474,2,0
BRDA:9758,1475,0,0
BRDA:9758,1475,1,0
BRDA:9758,1476,0,0
BRDA:9758,1476,1,0
BRDA:9768,1477,0,0
BRDA:9768,1477,1,0
BRDA:9768,1478,0,0
BRDA:9768,1478,1,0
BRDA:9770,1479,0,0
BRDA:9770,1480,0,0
BRDA:9770,1480,1,0
BRDA:9770,1480,2,0
BRDA:9782,1481,0,0
BRDA:9782,1481,1,0
BRDA:9786,1482,0,0
BRDA:9786,1482,1,0
BRDA:9793,1483,0,0
BRDA:9793,1483,1,0
BRDA:9793,1484,0,0
BRDA:9793,1484,1,0
BRDA:9798,1485,0,0
BRDA:9798,1485,1,0
BRDA:9806,1486,0,0
BRDA:9806,1486,1,0
BRDA:9807,1487,0,0
BRDA:9807,1487,1,0
BRDA:9807,1487,2,0
BRDA:9807,1488,0,0
BRDA:9807,1488,1,0
BRDA:9809,1489,0,0
BRDA:9809,1489,1,0
BRDA:9814,1490,0,0
BRDA:9814,1490,1,0
BRDA:9815,1491,0,0
BRDA:9815,1491,1,0
BRDA:9825,1492,0,0
BRDA:9825,1492,1,0
BRDA:9832,1493,0,0
BRDA:9832,1493,1,0
BRDA:9832,1494,0,0
BRDA:9832,1494,1,0
BRDA:9836,1495,0,0
BRDA:9836,1495,1,0
BRDA:9840,1496,0,0
BRDA:9840,1496,1,0
BRDA:9840,1497,0,0
BRDA:9840,1497,1,0
BRDA:9845,1498,0,0
BRDA:9845,1498,1,0
BRDA:9846,1499,0,0
BRDA:9846,1499,1,0
BRDA:9849,1500,0,0
BRDA:9849,1500,1,0
BRDA:9866,1501,0,0
BRDA:9866,1501,1,0
BRDA:9868,1502,0,0
BRDA:9868,1502,1,0
BRDA:9879,1503,0,0
BRDA:9879,1503,1,0
BRDA:9889,1504,0,0
BRDA:9889,1504,1,0
BRDA:9904,1505,0,0
BRDA:9904,1505,1,0
BRDA:9906,1506,0,0
BRDA:9906,1506,1,0
BRDA:9928,1507,0,0
BRDA:9928,1507,1,0
BRDA:9928,1508,0,0
BRDA:9928,1508,1,0
BRDA:9946,1509,0,0
BRDA:9946,1509,1,0
BRDA:9950,1510,0,0
BRDA:9950,1510,1,0
BRDA:9950,1511,0,0
BRDA:9950,1511,1,0
BRDA:9959,1512,0,0
BRDA:9959,1512,1,0
BRDA:9959,1513,0,0
BRDA:9959,1513,1,0
BRDA:9965,1514,0,0
BRDA:9965,1514,1,0
BRDA:9972,1515,0,0
BRDA:9972,1515,1,0
BRDA:9979,1516,0,0
BRDA:9979,1516,1,0
BRDA:9987,1517,0,0
BRDA:9987,1517,1,0
BRDA:9989,1518,0,0
BRDA:9989,1518,1,0
BRDA:10002,1519,0,0
BRDA:10002,1519,1,0
BRDA:10012,1520,0,0
BRDA:10012,1520,1,0
BRDA:10026,1521,0,0
BRDA:10026,1521,1,0
BRDA:10026,1522,0,0
BRDA:10026,1522,1,0
BRDA:10030,1523,0,0
BRDA:10030,1523,1,0
BRDA:10032,1524,0,0
BRDA:10032,1524,1,0
BRDA:10047,1525,0,0
BRDA:10047,1525,1,0
BRDA:10047,1526,0,0
BRDA:10047,1526,1,0
BRDA:10051,1527,0,0
BRDA:10051,1527,1,0
BRDA:10051,1528,0,0
BRDA:10051,1528,1,0
BRDA:10057,1529,0,0
BRDA:10057,1529,1,0
BRDA:10058,1530,0,0
BRDA:10058,1530,1,0
BRDA:10060,1531,0,0
BRDA:10060,1531,1,0
BRDA:10068,1532,0,0
BRDA:10068,1532,1,0
BRDA:10077,1533,0,0
BRDA:10077,1534,0,0
BRDA:10077,1534,1,0
BRDA:10077,1534,2,0
BRDA:10082,1535,0,0
BRDA:10082,1535,1,0
BRDA:10083,1536,0,0
BRDA:10083,1536,1,0
BRDA:10085,1537,0,0
BRDA:10085,1537,1,0
BRDA:10093,1538,0,0
BRDA:10093,1538,1,0
BRDA:10095,1539,0,0
BRDA:10095,1539,1,0
BRDA:10098,1540,0,0
BRDA:10098,1540,1,0
BRDA:10103,1541,0,0
BRDA:10103,1541,1,0
BRDA:10103,1542,0,0
BRDA:10103,1542,1,0
BRDA:10106,1543,0,0
BRDA:10106,1543,1,0
BRDA:10108,1544,0,0
BRDA:10108,1544,1,0
BRDA:10109,1545,0,0
BRDA:10109,1545,1,0
BRDA:10120,1546,0,0
BRDA:10120,1546,1,0
BRDA:10128,1547,0,0
BRDA:10128,1548,0,0
BRDA:10128,1548,1,0
BRDA:10128,1548,2,0
BRDA:10128,1548,3,0
BRDA:10128,1548,4,0
BRDA:10128,1548,5,0
BRDA:10155,1549,0,0
BRDA:10155,1549,1,0
BRDA:10155,1550,0,0
BRDA:10155,1550,1,0
BRDA:10155,1550,2,0
BRDA:10155,1550,3,0
BRDA:10155,1550,4,0
BRDA:10163,1551,0,0
BRDA:10163,1551,1,0
BRDA:10168,1552,0,0
BRDA:10168,1552,1,0
BRDA:10198,1553,0,0
BRDA:10209,1554,0,0
BRDA:10223,1555,0,0
BRDA:10223,1555,1,0
BRDA:10232,1556,0,0
BRDA:10232,1556,1,0
BRDA:10232,1557,0,0
BRDA:10232,1557,1,0
BRDA:10241,1558,0,0
BRDA:10241,1558,1,0
BRDA:10246,1559,0,0
BRDA:10246,1559,1,0
BRDA:10249,1560,0,0
BRDA:10249,1560,1,0
BRDA:10249,1560,2,0
BRDA:10249,1560,3,0
BRDA:10262,1561,0,0
BRDA:10262,1561,1,0
BRDA:10269,1562,0,0
BRDA:10269,1562,1,0
BRDA:10269,1563,0,0
BRDA:10269,1563,1,0
BRDA:10273,1564,0,0
BRDA:10273,1564,1,0
BRDA:10273,1565,0,0
BRDA:10273,1565,1,0
BRDA:10277,1566,0,0
BRDA:10277,1566,1,0
BRDA:10278,1567,0,0
BRDA:10278,1567,1,0
BRDA:10294,1568,0,0
BRDA:10294,1568,1,0
BRDA:10294,1569,0,0
BRDA:10294,1569,1,0
BRDA:10300,1570,0,0
BRDA:10300,1570,1,0
BRDA:10301,1571,0,0
BRDA:10301,1571,1,0
BRDA:10303,1572,0,0
BRDA:10303,1572,1,0
BRDA:10308,1573,0,0
BRDA:10308,1573,1,0
BRDA:10318,1574,0,0
BRDA:10318,1574,1,0
BRDA:10318,1575,0,0
BRDA:10318,1575,1,0
BRDA:10319,1576,0,0
BRDA:10319,1576,1,0
BRDA:10323,1577,0,0
BRDA:10323,1577,1,0
BRDA:10329,1578,0,0
BRDA:10329,1578,1,0
BRDA:10334,1579,0,0
BRDA:10334,1579,1,0
BRDA:10334,1580,0,0
BRDA:10334,1580,1,0
BRDA:10339,1581,0,0
BRDA:10339,1581,1,0
BRDA:10341,1582,0,0
BRDA:10341,1582,1,0
BRDA:10344,1583,0,0
BRDA:10344,1583,1,0
BRDA:10344,1584,0,0
BRDA:10344,1584,1,0
BRDA:10344,1584,2,0
BRDA:10346,1585,0,0
BRDA:10346,1585,1,0
BRDA:10357,1586,0,0
BRDA:10357,1586,1,0
BRDA:10373,1587,0,0
BRDA:10373,1587,1,0
BRDA:10373,1587,2,0
BRDA:10373,1587,3,0
BRDA:10386,1588,0,0
BRDA:10386,1588,1,0
BRDA:10393,1589,0,0
BRDA:10393,1589,1,0
BRDA:10394,1590,0,0
BRDA:10394,1590,1,0
BRDA:10398,1591,0,0
BRDA:10398,1591,1,0
BRDA:10417,1592,0,0
BRDA:10417,1592,1,0
BRDA:10419,1593,0,0
BRDA:10419,1593,1,0
BRDA:10429,1594,0,0
BRDA:10429,1594,1,0
BRDA:10434,1595,0,0
BRDA:10434,1595,1,0
BRDA:10438,1596,0,0
BRDA:10438,1596,1,0
BRDA:10454,1597,0,0
BRDA:10454,1597,1,0
BRDA:10460,1598,0,0
BRDA:10460,1598,1,0
BRDA:10460,1599,0,0
BRDA:10460,1599,1,0
BRDA:10460,1599,2,0
BRDA:10466,1600,0,0
BRDA:10466,1600,1,0
BRDA:10473,1601,0,0
BRDA:10473,1601,1,0
BRDA:10473,1602,0,0
BRDA:10473,1602,1,0
BRDA:10488,1603,0,0
BRDA:10490,1604,0,0
BRDA:10490,1604,1,0
BRDA:10495,1605,0,0
BRDA:10495,1605,1,0
BRDA:10511,1606,0,0
BRDA:10511,1606,1,0
BRDA:10514,1607,0,0
BRDA:10514,1607,1,0
BRDA:10514,1608,0,0
BRDA:10514,1608,1,0
BRDA:10523,1609,0,0
BRDA:10523,1609,1,0
BRDA:10533,1610,0,0
BRDA:10533,1610,1,0
BRDA:10533,1611,0,0
BRDA:10533,1611,1,0
BRDA:10533,1611,2,0
BRDA:10533,1611,3,0
BRDA:10540,1612,0,0
BRDA:10540,1612,1,0
BRDA:10540,1612,2,0
BRDA:10542,1613,0,0
BRDA:10542,1613,1,0
BRDA:10543,1614,0,0
BRDA:10543,1614,1,0
BRDA:10547,1615,0,0
BRDA:10547,1615,1,0
BRDA:10551,1616,0,0
BRDA:10551,1616,1,0
BRDA:10559,1617,0,0
BRDA:10559,1617,1,0
BRDA:10561,1618,0,0
BRDA:10561,1618,1,0
BRDA:10580,1619,0,0
BRDA:10580,1620,0,0
BRDA:10580,1620,1,0
BRDA:10586,1621,0,0
BRDA:10587,1622,0,0
BRDA:10587,1622,1,0
BRDA:10610,1623,0,0
BRDA:10610,1624,0,0
BRDA:10610,1624,1,0
BRDA:10616,1625,0,0
BRDA:10617,1626,0,0
BRDA:10617,1626,1,0
BRDA:10625,1627,0,0
BRDA:10625,1627,1,0
BRDA:10649,1628,0,0
BRDA:10649,1628,1,0
BRDA:10655,1629,0,0
BRDA:10658,1630,0,0
BRDA:10658,1630,1,0
BRDA:10659,1631,0,0
BRDA:10659,1631,1,0
BRDA:10679,1632,0,0
BRDA:10679,1632,1,0
BRDA:10688,1633,0,0
BRDA:10688,1633,1,0
BRDA:10690,1634,0,0
BRDA:10690,1635,0,0
BRDA:10690,1635,1,0
BRDA:10695,1636,0,0
BRDA:10695,1636,1,0
BRDA:10695,1637,0,0
BRDA:10695,1637,1,0
BRDA:10702,1638,0,0
BRDA:10702,1639,0,0
BRDA:10702,1639,1,0
BRDA:10715,1640,0,0
BRDA:10715,1640,1,0
BRDA:10717,1641,0,0
BRDA:10717,1641,1,0
BRDA:10724,1642,0,0
BRDA:10724,1642,1,0
BRDA:10737,1643,0,0
BRDA:10737,1643,1,0
BRDA:10741,1644,0,0
BRDA:10741,1644,1,0
BRDA:10750,1645,0,0
BRDA:10750,1645,1,0
BRDA:10751,1646,0,0
BRDA:10751,1646,1,0
BRDA:10758,1647,0,0
BRDA:10758,1647,1,0
BRDA:10770,1648,0,0
BRDA:10770,1648,1,0
BRDA:10771,1649,0,0
BRDA:10771,1649,1,0
BRDA:10773,1650,0,0
BRDA:10773,1650,1,0
BRDA:10774,1651,0,0
BRDA:10774,1651,1,0
BRDA:10781,1652,0,0
BRDA:10787,1653,0,0
BRDA:10787,1653,1,0
BRDA:10788,1654,0,0
BRDA:10788,1654,1,0
BRDA:10795,1655,0,0
BRDA:10795,1655,1,0
BRDA:10795,1656,0,0
BRDA:10795,1656,1,0
BRDA:10796,1657,0,0
BRDA:10796,1657,1,0
BRDA:10796,1658,0,0
BRDA:10796,1658,1,0
BRDA:10799,1659,0,0
BRDA:10799,1659,1,0
BRDA:10832,1660,0,0
BRDA:10832,1660,1,0
BRDA:10840,1661,0,0
BRDA:10840,1661,1,0
BRDA:10846,1662,0,0
BRDA:10846,1663,0,0
BRDA:10846,1663,1,0
BRDA:10874,1664,0,0
BRDA:10874,1664,1,0
BRDA:10879,1665,0,0
BRDA:10879,1665,1,0
BRDA:10881,1666,0,0
BRDA:10881,1666,1,0
BRDA:10881,1667,0,0
BRDA:10881,1667,1,0
BRDA:10881,1667,2,0
BRDA:10885,1668,0,0
BRDA:10885,1668,1,0
BRDA:10885,1669,0,0
BRDA:10885,1669,1,0
BRDA:10886,1670,0,0
BRDA:10886,1670,1,0
BRDA:10886,1671,0,0
BRDA:10886,1671,1,0
BRDA:10887,1672,0,0
BRDA:10887,1672,1,0
BRDA:10887,1673,0,0
BRDA:10887,1673,1,0
BRDA:10888,1674,0,0
BRDA:10888,1674,1,0
BRDA:10888,1675,0,0
BRDA:10888,1675,1,0
BRDA:10889,1676,0,0
BRDA:10889,1676,1,0
BRDA:10889,1677,0,0
BRDA:10889,1677,1,0
BRDA:10890,1678,0,0
BRDA:10890,1678,1,0
BRDA:10890,1679,0,0
BRDA:10890,1679,1,0
BRDA:10891,1680,0,0
BRDA:10891,1680,1,0
BRDA:10891,1681,0,0
BRDA:10891,1681,1,0
BRDA:10892,1682,0,0
BRDA:10892,1682,1,0
BRDA:10894,1683,0,0
BRDA:10894,1683,1,0
BRDA:10894,1684,0,0
BRDA:10894,1684,1,0
BRDA:10898,1685,0,0
BRDA:10898,1685,1,0
BRDA:10901,1686,0,0
BRDA:10901,1686,1,0
BRDA:10906,1687,0,0
BRDA:10906,1687,1,0
BRDA:10907,1688,0,0
BRDA:10907,1688,1,0
BRDA:10911,1689,0,0
BRDA:10911,1689,1,0
BRDA:10913,1690,0,0
BRDA:10913,1690,1,0
BRDA:10919,1691,0,0
BRDA:10919,1691,1,0
BRDA:10923,1692,0,0
BRDA:10923,1692,1,0
BRDA:10923,1692,2,0
BRDA:10925,1693,0,0
BRDA:10925,1693,1,0
BRDA:10925,1694,0,0
BRDA:10925,1694,1,0
BRDA:10925,1694,2,0
BRDA:10929,1695,0,0
BRDA:10929,1695,1,0
BRDA:10934,1696,0,0
BRDA:10934,1696,1,0
BRDA:10936,1697,0,0
BRDA:10936,1697,1,0
BRDA:10942,1698,0,0
BRDA:10942,1698,1,0
BRDA:10945,1699,0,0
BRDA:10945,1699,1,0
BRDA:10946,1700,0,0
BRDA:10946,1700,1,0
BRDA:10956,1701,0,0
BRDA:10956,1701,1,0
BRDA:10957,1702,0,0
BRDA:10957,1702,1,0
BRDA:10958,1703,0,0
BRDA:10958,1703,1,0
BRDA:10961,1704,0,0
BRDA:10961,1704,1,0
BRDA:10961,1705,0,0
BRDA:10961,1705,1,0
BRDA:10969,1706,0,0
BRDA:10969,1706,1,0
BRDA:10977,1707,0,0
BRDA:10977,1707,1,0
BRDA:10977,1708,0,0
BRDA:10977,1708,1,0
BRDA:10983,1709,0,0
BRDA:10998,1710,0,0
BRDA:10998,1710,1,0
BRDA:11000,1711,0,0
BRDA:11000,1711,1,0
BRDA:11002,1712,0,0
BRDA:11002,1712,1,0
BRDA:11002,1713,0,0
BRDA:11002,1713,1,0
BRDA:11007,1714,0,0
BRDA:11007,1714,1,0
BRDA:11007,1715,0,0
BRDA:11007,1715,1,0
BRDA:11011,1716,0,0
BRDA:11011,1716,1,0
BRDA:11016,1717,0,0
BRDA:11016,1717,1,0
BRDA:11017,1718,0,0
BRDA:11017,1718,1,0
BRDA:11021,1719,0,0
BRDA:11021,1719,1,0
BRDA:11024,1720,0,0
BRDA:11024,1720,1,0
BRDA:11030,1721,0,0
BRDA:11030,1721,1,0
BRDA:11038,1722,0,0
BRDA:11038,1722,1,0
BRDA:11043,1723,0,0
BRDA:11043,1723,1,0
BRDA:11043,1724,0,0
BRDA:11043,1724,1,0
BRDA:11044,1725,0,0
BRDA:11044,1725,1,0
BRDA:11047,1726,0,0
BRDA:11047,1726,1,0
BRDA:11049,1727,0,0
BRDA:11049,1727,1,0
BRDA:11055,1728,0,0
BRDA:11055,1728,1,0
BRDA:11058,1729,0,0
BRDA:11058,1729,1,0
BRDA:11059,1730,0,0
BRDA:11059,1730,1,0
BRDA:11069,1731,0,0
BRDA:11069,1731,1,0
BRDA:11071,1732,0,0
BRDA:11071,1732,1,0
BRDA:11071,1733,0,0
BRDA:11071,1733,1,0
BRDA:11079,1734,0,0
BRDA:11079,1734,1,0
BRDA:11081,1735,0,0
BRDA:11081,1735,1,0
BRDA:11087,1736,0,0
BRDA:11087,1736,1,0
BRDA:11098,1737,0,0
BRDA:11098,1737,1,0
BRDA:11104,1738,0,0
BRDA:11104,1738,1,0
BRDA:11106,1739,0,0
BRDA:11106,1739,1,0
BRDA:11108,1740,0,0
BRDA:11108,1740,1,0
BRDA:11113,1741,0,0
BRDA:11113,1741,1,0
BRDA:11118,1742,0,0
BRDA:11118,1742,1,0
BRDA:11123,1743,0,0
BRDA:11147,1744,0,0
BRDA:11160,1745,0,0
BRDA:11160,1745,1,0
BRDA:11162,1746,0,0
BRDA:11162,1746,1,0
BRDA:11162,1747,0,0
BRDA:11162,1747,1,0
BRDA:11171,1748,0,0
BRDA:11171,1748,1,0
BRDA:11171,1749,0,0
BRDA:11171,1749,1,0
BRDA:11174,1750,0,0
BRDA:11174,1750,1,0
BRDA:11184,1751,0,0
BRDA:11191,1752,0,0
BRDA:11191,1752,1,0
BRDA:11200,1753,0,0
BRDA:11200,1753,1,0
BRDA:11205,1754,0,0
BRDA:11205,1754,1,0
BRDA:11207,1755,0,0
BRDA:11207,1755,1,0
BRDA:11209,1756,0,0
BRDA:11209,1756,1,0
BRDA:11221,1757,0,0
BRDA:11221,1758,0,0
BRDA:11221,1758,1,0
BRDA:11232,1759,0,0
BRDA:11232,1759,1,0
BRDA:11232,1760,0,0
BRDA:11232,1760,1,0
BRDA:11233,1761,0,0
BRDA:11233,1761,1,0
BRDA:11242,1762,0,0
BRDA:11242,1762,1,0
BRDA:11245,1763,0,0
BRDA:11245,1763,1,0
BRDA:11249,1764,0,0
BRDA:11249,1764,1,0
BRDA:11250,1765,0,0
BRDA:11250,1765,1,0
BRDA:11259,1766,0,0
BRDA:11259,1766,1,0
BRDA:11271,1767,0,0
BRDA:11271,1767,1,0
BRDA:11280,1768,0,0
BRDA:11280,1768,1,0
BRDA:11298,1769,0,0
BRDA:11298,1769,1,0
BRDA:11298,1770,0,0
BRDA:11298,1770,1,0
BRDA:11298,1770,2,0
BRDA:11305,1771,0,0
BRDA:11305,1771,1,0
BRDA:11306,1772,0,0
BRDA:11306,1772,1,0
BRDA:11308,1773,0,0
BRDA:11308,1773,1,0
BRDA:11308,1774,0,0
BRDA:11308,1774,1,0
BRDA:11314,1775,0,0
BRDA:11314,1775,1,0
BRDA:11322,1776,0,0
BRDA:11327,1777,0,0
BRDA:11327,1777,1,0
BRDA:11329,1778,0,0
BRDA:11329,1778,1,0
BRDA:11332,1779,0,0
BRDA:11332,1779,1,0
BRDA:11342,1780,0,0
BRDA:11342,1780,1,0
BRDA:11346,1781,0,0
BRDA:11346,1781,1,0
BRDA:11377,1782,0,0
BRDA:11377,1782,1,0
BRDA:11379,1783,0,0
BRDA:11379,1783,1,0
BRDA:11379,1784,0,0
BRDA:11379,1784,1,0
BRDA:11406,1785,0,0
BRDA:11406,1785,1,0
BRDA:11415,1786,0,0
BRDA:11415,1786,1,0
BRDA:11422,1787,0,0
BRDA:11422,1787,1,0
BRDA:11426,1788,0,0
BRDA:11426,1788,1,0
BRDA:11441,1789,0,0
BRDA:11441,1789,1,0
BRDA:11449,1790,0,0
BRDA:11454,1791,0,0
BRDA:11454,1791,1,0
BRDA:11454,1792,0,0
BRDA:11454,1792,1,0
BRDA:11460,1793,0,0
BRDA:11460,1793,1,0
BRDA:11460,1794,0,0
BRDA:11460,1794,1,0
BRDA:11460,1794,2,0
BRDA:11460,1794,3,0
BRDA:11467,1795,0,0
BRDA:11467,1795,1,0
BRDA:11476,1796,0,0
BRDA:11480,1797,0,0
BRDA:11480,1797,1,0
BRDA:11488,1798,0,0
BRDA:11488,1798,1,0
BRDA:11488,1799,0,0
BRDA:11488,1799,1,0
BRDA:11488,1800,0,0
BRDA:11488,1800,1,0
BRDA:11488,1801,0,0
BRDA:11488,1801,1,0
BRDA:11489,1802,0,0
BRDA:11489,1802,1,0
BRDA:11494,1803,0,0
BRDA:11494,1803,1,0
BRDA:11494,1804,0,0
BRDA:11494,1804,1,0
BRDA:11498,1805,0,0
BRDA:11498,1805,1,0
BRDA:11498,1806,0,0
BRDA:11498,1806,1,0
BRDA:11498,1806,2,0
BRDA:11498,1806,3,0
BRDA:11498,1806,4,0
BRDA:11499,1807,0,0
BRDA:11499,1807,1,0
BRDA:11504,1808,0,0
BRDA:11504,1808,1,0
BRDA:11512,1809,0,0
BRDA:11512,1809,1,0
BRDA:11513,1810,0,0
BRDA:11513,1810,1,0
BRDA:11560,1811,0,0
BRDA:11560,1811,1,0
BRDA:11560,1811,2,0
BRDA:11563,1812,0,0
BRDA:11563,1812,1,0
BRDA:11570,1813,0,0
BRDA:11570,1813,1,0
BRDA:11571,1814,0,0
BRDA:11571,1814,1,0
BRDA:11571,1815,0,0
BRDA:11571,1815,1,0
BRDA:11574,1816,0,0
BRDA:11574,1816,1,0
BRDA:11575,1817,0,0
BRDA:11575,1817,1,0
BRDA:11577,1818,0,0
BRDA:11577,1818,1,0
BRDA:11577,1819,0,0
BRDA:11577,1819,1,0
BRDA:11577,1819,2,0
BRDA:11583,1820,0,0
BRDA:11583,1820,1,0
BRDA:11592,1821,0,0
BRDA:11592,1821,1,0
BRDA:11607,1822,0,0
BRDA:11607,1822,1,0
BRDA:11607,1823,0,0
BRDA:11607,1823,1,0
BRDA:11609,1824,0,0
BRDA:11609,1824,1,0
BRDA:11609,1825,0,0
BRDA:11609,1825,1,0
BRDA:11623,1826,0,0
BRDA:11623,1826,1,0
BRDA:11629,1827,0,0
BRDA:11629,1827,1,0
BRDA:11629,1828,0,0
BRDA:11629,1828,1,0
BRDA:11633,1829,0,0
BRDA:11633,1829,1,0
BRDA:11633,1830,0,0
BRDA:11633,1830,1,0
BRDA:11645,1831,0,0
BRDA:11651,1832,0,0
BRDA:11662,1833,0,0
BRDA:11662,1833,1,0
BRDA:11680,1834,0,0
BRDA:11686,1835,0,0
BRDA:11701,1836,0,0
BRDA:11701,1836,1,0
BRDA:11701,1837,0,0
BRDA:11701,1837,1,0
BRDA:11725,1838,0,0
BRDA:11725,1838,1,0
BRDA:11728,1839,0,0
BRDA:11728,1839,1,0
BRDA:11728,1840,0,0
BRDA:11728,1840,1,0
BRDA:11773,1841,0,0
BRDA:11773,1841,1,0
BRDA:11776,1842,0,0
BRDA:11776,1842,1,0
BRF:3848
BRH:0
end_of_record
TN:
SF:/Users/leonlin/Linjingbin/sourcecoderead/src/aa.js
FNF:0
FNH:0
LF:0
LH:0
BRF:0
BRH:0
end_of_record
TN:
SF:/Users/leonlin/Linjingbin/sourcecoderead/src/index.js
FN:14,(anonymous_0)
FN:49,(anonymous_1)
FN:63,(anonymous_2)
FN:73,(anonymous_3)
FNF:4
FNH:0
FNDA:0,(anonymous_0)
FNDA:0,(anonymous_1)
FNDA:0,(anonymous_2)
FNDA:0,(anonymous_3)
DA:9,0
DA:15,0
DA:41,0
DA:42,0
DA:43,0
DA:44,0
DA:52,0
DA:53,0
DA:66,0
DA:67,0
DA:78,0
DA:79,0
DA:80,0
DA:81,0
LF:14
LH:0
BRF:0
BRH:0
end_of_record
TN:
SF:/Users/leonlin/Linjingbin/sourcecoderead/src/routers.js
FNF:0
FNH:0
DA:4,0
LF:1
LH:0
BRF:0
BRH:0
end_of_record
TN:
SF:/Users/leonlin/Linjingbin/sourcecoderead/src/tools/proudsmart.js
FN:3,(anonymous_0)
FN:9,(anonymous_1)
FN:12,(anonymous_2)
FN:17,(anonymous_3)
FN:18,(anonymous_4)
FN:25,(anonymous_5)
FN:36,(anonymous_6)
FN:41,(anonymous_7)
FN:44,(anonymous_8)
FN:48,(anonymous_9)
FN:54,psInit
FNF:11
FNH:0
FNDA:0,(anonymous_0)
FNDA:0,(anonymous_1)
FNDA:0,(anonymous_2)
FNDA:0,(anonymous_3)
FNDA:0,(anonymous_4)
FNDA:0,(anonymous_5)
FNDA:0,(anonymous_6)
FNDA:0,(anonymous_7)
FNDA:0,(anonymous_8)
FNDA:0,(anonymous_9)
FNDA:0,psInit
DA:4,0
DA:5,0
DA:6,0
DA:7,0
DA:10,0
DA:13,0
DA:18,0
DA:19,0
DA:20,0
DA:21,0
DA:22,0
DA:23,0
DA:24,0
DA:25,0
DA:26,0
DA:27,0
DA:28,0
DA:29,0
DA:30,0
DA:33,0
DA:36,0
DA:37,0
DA:42,0
DA:45,0
DA:48,0
DA:49,0
DA:55,0
DA:56,0
DA:57,0
DA:60,0
DA:61,0
LF:31
LH:0
BRDA:21,0,0,0
BRDA:21,0,1,0
BRDA:26,1,0,0
BRDA:26,1,1,0
BRDA:28,2,0,0
BRDA:28,2,1,0
BRDA:28,3,0,0
BRDA:28,3,1,0
BRDA:29,4,0,0
BRDA:29,4,1,0
BRDA:56,5,0,0
BRDA:56,5,1,0
BRDA:57,6,0,0
BRDA:57,6,1,0
BRDA:60,7,0,0
BRDA:60,7,1,0
BRDA:60,8,0,0
BRDA:60,8,1,0
BRF:18
BRH:0
end_of_record
